#
# A fatal error has been detected by the Java Runtime Environment:
#
#  SIGSEGV (0xb) at pc=0x00007f56e1b0f05f, pid=1101019, tid=1101123
#
# JRE version: OpenJDK Runtime Environment (17.0.13) (build 17.0.13-internal+0-adhoc..src)
# Java VM: OpenJDK 64-Bit Server VM (17.0.13-internal+0-adhoc..src, mixed mode, emulated-client, sharing, tiered, compressed oops, compressed class ptrs, g1 gc, linux-amd64)
# Problematic frame:
# V  [libjvm.so+0x70f05f]  G1ParScanThreadState::trim_queue_to_threshold(unsigned int)+0x149f
#
# Core dump will be written. Default location: Core dumps may be processed with "/usr/lib/systemd/systemd-coredump %P %u %g %s %t %c %h" (or dumping to /home/paifb01/modules/core.1101019)
#
# If you would like to submit a bug report, please visit:
#   https://bugreport.java.com/bugreport/crash.jsp
#

---------------  S U M M A R Y ------------

Command Line: --add-opens=java.base/java.lang=ALL-UNNAMED --add-opens=java.base/java.io=ALL-UNNAMED --add-opens=java.base/java.nio=ALL-UNNAMED --add-opens=java.base/java.net=ALL-UNNAMED --add-opens=java.base/java.util=ALL-UNNAMED --add-opens=java.base/java.util.concurrent.locks=ALL-UNNAMED --add-opens=java.base/java.util.concurrent.atomic=ALL-UNNAMED --add-opens=java.base/java.nio.file.spi=ALL-UNNAMED --add-opens=java.base/sun.nio.ch=ALL-UNNAMED --add-opens=java.base/sun.nio.fs=ALL-UNNAMED --add-opens=java.base/sun.net.www.protocol.http=ALL-UNNAMED --add-opens=java.base/sun.net.www.protocol.https=ALL-UNNAMED --add-opens=java.base/sun.net.www.protocol.ftp=ALL-UNNAMED --add-opens=java.base/sun.net.www.protocol.file=ALL-UNNAMED --add-opens=java.base/jdk.internal.misc=ALL-UNNAMED --add-opens=java.base/jdk.internal.vm=ALL-UNNAMED --add-opens=java.base/java.util.regex=ALL-UNNAMED -Dfile.encoding=UTF-8 -Dcapsule.trampoline -Dcapsule.java.cmd=/home-link/paifb01/miniconda3/envs/nf-core/lib/jvm/bin/java -Dcom.sun.security.enableAIAcaIssuers=true -Djava.awt.headless=true -XX:+TieredCompilation -XX:TieredStopAtLevel=1 /home-link/paifb01/miniconda3/envs/nf-core/share/nextflow/dist/24.10.0/nextflow-24.10.0-one.jar config -flat tests/config

Host: AMD Ryzen Threadripper 2990WX 32-Core Processor, 64 cores, 125G, Rocky Linux release 9.4 (Blue Onyx)
Time: Thu Nov 21 16:36:34 2024 CET elapsed time: 1.319458 seconds (0d 0h 0m 1s)

---------------  T H R E A D  ---------------

Current thread (0x00007f562001ab80):  GCTaskThread "GC Thread#19" [stack: 0x00007f5674244000,0x00007f5674344000] [id=1101123]

Stack: [0x00007f5674244000,0x00007f5674344000],  sp=0x00007f5674342a20,  free space=1018k
Native frames: (J=compiled Java code, j=interpreted, Vv=VM code, C=native code)
V  [libjvm.so+0x70f05f]  G1ParScanThreadState::trim_queue_to_threshold(unsigned int)+0x149f
V  [libjvm.so+0x712e3a]  G1ParScanThreadState::steal_and_trim_queue(GenericTaskQueueSet<OverflowTaskQueue<ScannerTask, (MEMFLAGS)5, 131072u>, (MEMFLAGS)5>*)+0x45a
V  [libjvm.so+0x6cdfe6]  G1ParEvacuateFollowersClosure::do_void()+0xc6
V  [libjvm.so+0x6ce6da]  G1EvacuateRegionsTask::evacuate_live_objects(G1ParScanThreadState*, unsigned int)+0x9a
V  [libjvm.so+0x6c20a7]  G1EvacuateRegionsBaseTask::work(unsigned int)+0xa7
V  [libjvm.so+0xebb11b]  GangWorker::loop()+0x6b
V  [libjvm.so+0xebb17f]
V  [libjvm.so+0xe08207]  Thread::call_run()+0xb7
V  [libjvm.so+0xbcacd0]  thread_native_entry(Thread*)+0xf0


siginfo: si_signo: 11 (SIGSEGV), si_code: 1 (SEGV_MAPERR), si_addr: 0x0000000000004000

Registers:
RAX=0x0000000000000056, RBX=0x00007f5580000d50, RCX=0x0000000000000018, RDX=0x0000000000000000
RSP=0x00007f5674342a20, RBP=0x00007f5674342ad0, RSI=0x0000000000000000, RDI=0x0000000000000003
R8 =0x00007f56dc0384e0, R9 =0x0000000000000000, R10=0x0000000000000001, R11=0x0000000000000008
R12=0x00000000823d5771, R13=0x0000000000004000, R14=0x00007f56e263971c, R15=0x00007f56e25f1330
RIP=0x00007f56e1b0f05f, EFLAGS=0x0000000000010246, CSGSFS=0x002b000000000033, ERR=0x0000000000000004
  TRAPNO=0x000000000000000e


Register to memory mapping:

RAX=0x0000000000000056 is an unknown value
RBX=0x00007f5580000d50 points into unknown readable memory: 0x00007f56e2545e58 | 58 5e 54 e2 56 7f 00 00
RCX=0x0000000000000018 is an unknown value
RDX=0x0 is NULL
RSP=0x00007f5674342a20 points into unknown readable memory: 0x00007f5674342b40 | 40 2b 34 74 56 7f 00 00
RBP=0x00007f5674342ad0 points into unknown readable memory: 0x00007f5674342b80 | 80 2b 34 74 56 7f 00 00
RSI=0x0 is NULL
RDI=0x0000000000000003 is an unknown value
R8 =0x00007f56dc0384e0 points into unknown readable memory: 0x0000000000000000 | 00 00 00 00 00 00 00 00
R9 =0x0 is NULL
R10=0x0000000000000001 is an unknown value
R11=0x0000000000000008 is an unknown value
R12=0x00000000823d5771 is pointing into object: java.lang.ClassValue$ClassValueMap 
{0x00000000823d5760} - klass: 'java/lang/ClassValue$ClassValueMap'
 - ---- fields (total size 8 words):
 - transient 'keySet' 'Ljava/util/Set;' @12  NULL (0)
 - transient 'values' 'Ljava/util/Collection;' @16  
[error occurred during error reporting (printing register info), id 0xb, SIGSEGV (0xb) at pc=0x00007f56e1bf4a5a]

Top of Stack: (sp=0x00007f5674342a20)
0x00007f5674342a20:   00007f5674342b40 00007f5674342b10
0x00007f5674342a30:   00007f5674342a70 00000056e1afa061
0x00007f5674342a40:   000000004d7179dc 0000000000000001
0x00007f5674342a50:   0000000000000001 00007f56dc220840
0x00007f5674342a60:   0000000000000008 0000000027138028
0x00007f5674342a70:   00000000823d5760 00007f562704c908
0x00007f5674342a80:   00007f5674342ad0 0000000000000809
0x00007f5674342a90:   0000000000000100 fed7ed503142f100
0x00007f5674342aa0:   00000000822b3add 00007f56dc033ec0
0x00007f5674342ab0:   00000000820001c0 00000000f9ee21a8
0x00007f5674342ac0:   00007f5580000d50 00007f56e263971c
0x00007f5674342ad0:   00007f5674342b80 00007f56e1b12e3a
0x00007f5674342ae0:   0000000000000000 0000000000000000
0x00007f5674342af0:   00007f5674000000 00007f56e1afd22a
0x00007f5674342b00:   0000000000000000 00007f56dc220840
0x00007f5674342b10:   0000000000000000 00000000822b3cf8
0x00007f5674342b20:   00007f5627137de8 0000005627181d68
0x00007f5674342b30:   00007f5674342c70 0000000000000009
0x00007f5674342b40:   0000000000000100 fed7ed503142f100
0x00007f5674342b50:   0000000000000005 00007f5674342c70
0x00007f5674342b60:   00007f56e263bc40 0000000000000016
0x00007f5674342b70:   00007f5580000d50 00007f56e231301d
0x00007f5674342b80:   00007f5674342c40 00007f56e1acdfe6
0x00007f5674342b90:   0000001600000013 000000000000002b
0x00007f5674342ba0:   00007f5580000d50 00007f5676a980e0
0x00007f5674342bb0:   0000000000000000 0000000000000000
0x00007f5674342bc0:   00007f5580000000 00007f562001ab80
0x00007f5674342bd0:   00007f5674342c10 00007f56e28d3f4d
0x00007f5674342be0:   0000000000000000 0000000000000000
0x00007f5674342bf0:   0000000000000000 00000000316b1c3c
0x00007f5674342c00:   0000000000000011 fed7ed503142f100
0x00007f5674342c10:   00007f5674342c20 00007f5676a980e0 

Instructions: (pc=0x00007f56e1b0f05f)
0x00007f56e1b0ef5f:   48 8d 0c 71 0f b6 71 01 44 0f b6 29 40 84 f6 78
0x00007f56e1b0ef6f:   a0 42 0f 18 0c 38 ba 10 00 00 00 0f 18 0c 10 48
0x00007f56e1b0ef7f:   8b 83 98 01 00 00 4c 8b 68 10 41 8b 95 80 00 00
0x00007f56e1b0ef8f:   00 41 8b 8d 00 01 00 00 89 d0 29 c8 25 ff ff 01
0x00007f56e1b0ef9f:   00 3d fd ff 01 00 0f 86 67 0a 00 00 49 8b 85 a0
0x00007f56e1b0efaf:   02 00 00 49 3b 85 88 02 00 00 0f 84 9e 14 00 00
0x00007f56e1b0efbf:   48 8d 14 c5 00 00 00 00 48 ff c0 49 8b 8d b8 02
0x00007f56e1b0efcf:   00 00 4c 89 24 11 49 89 85 a0 02 00 00 e9 4e ff
0x00007f56e1b0efdf:   ff ff 0f 1f 80 00 00 00 00 49 8d bc 24 80 02 00
0x00007f56e1b0efef:   00 e8 1b dc fb ff b8 01 00 00 00 31 d2 e9 00 fe
0x00007f56e1b0efff:   ff ff 0f 1f 80 00 00 00 00 4c 8d 3d 21 23 ae 00
0x00007f56e1b0f00f:   45 8b 6c 24 ff 48 8b 43 08 41 8b 7f 08 49 8b 37
0x00007f56e1b0f01f:   89 f9 49 d3 e5 8b 88 b0 05 00 00 48 8b 80 a0 05
0x00007f56e1b0f02f:   00 00 49 01 f5 4c 89 ea 48 d3 ea 48 8d 04 50 48
0x00007f56e1b0f03f:   0f be 50 01 44 0f b6 08 0f b7 85 6c ff ff ff 88
0x00007f56e1b0f04f:   d4 66 89 85 6c ff ff ff 84 d2 0f 88 e1 f5 ff ff
0x00007f56e1b0f05f:   4d 8b 45 00 4c 89 c0 48 f7 d0 a8 03 0f 85 46 05
0x00007f56e1b0f06f:   00 00 48 8d 05 80 91 b2 00 80 38 00 0f 85 c7 0b
0x00007f56e1b0f07f:   00 00 4c 8d 35 94 a6 b2 00 49 83 e0 fc 4c 89 c0
0x00007f56e1b0f08f:   89 f9 49 ff cc 48 29 f0 48 d3 e8 41 89 04 24 4c
0x00007f56e1b0f09f:   89 e0 41 8b 0e 4c 31 c0 48 d3 e8 48 85 c0 0f 84
0x00007f56e1b0f0af:   8d f5 ff ff 48 8b 43 08 4c 89 e7 8b 88 c0 01 00
0x00007f56e1b0f0bf:   00 48 8b 90 b0 01 00 00 48 d3 ef 48 8b 14 fa 8b
0x00007f56e1b0f0cf:   92 bc 00 00 00 83 e2 02 0f 85 63 f5 ff ff 8b 88
0x00007f56e1b0f0df:   b0 05 00 00 48 8b 80 a0 05 00 00 49 d3 e8 42 80
0x00007f56e1b0f0ef:   3c 40 00 0f 84 48 f5 ff ff 49 c1 ec 09 48 8b 43
0x00007f56e1b0f0ff:   60 4c 89 e6 e9 11 f5 ff ff 0f 1f 84 00 00 00 00
0x00007f56e1b0f10f:   00 49 8d bf 80 02 00 00 48 89 4d a8 e8 f0 da fb
0x00007f56e1b0f11f:   ff 48 8b 4d a8 b8 01 00 00 00 31 d2 e9 1d f0 ff
0x00007f56e1b0f12f:   ff 48 8b 45 b8 49 89 06 41 8b 47 08 85 c0 0f 88
0x00007f56e1b0f13f:   5b f7 ff ff 48 8d 05 7e 75 b4 00 4c 39 38 75 0f
0x00007f56e1b0f14f:   0f b7 45 9a 0f be c4 84 c0 0f 84 34 0b 00 00 31 


Stack slot to memory mapping:
stack at sp + 0 slots: 0x00007f5674342b40 points into unknown readable memory: 0x0000000000000100 | 00 01 00 00 00 00 00 00
stack at sp + 1 slots: 0x00007f5674342b10 points into unknown readable memory: 0x0000000000000000 | 00 00 00 00 00 00 00 00
stack at sp + 2 slots: 0x00007f5674342a70 points into unknown readable memory: 0x00000000823d5760 | 60 57 3d 82 00 00 00 00
stack at sp + 3 slots: 0x00000056e1afa061 is an unknown value
stack at sp + 4 slots: 0x000000004d7179dc is an unknown value
stack at sp + 5 slots: 0x0000000000000001 is an unknown value
stack at sp + 6 slots: 0x0000000000000001 is an unknown value
stack at sp + 7 slots: 0x00007f56dc220840 points into unknown readable memory: 0x00000000f9000000 | 00 00 00 f9 00 00 00 00


---------------  P R O C E S S  ---------------

Threads class SMR info:
_java_thread_list=0x00007f55dc0aa250, length=18, elements={
0x00007f56dc019a90, 0x00007f56dc268760, 0x00007f56dc269b70, 0x00007f56dc26f2a0,
0x00007f56dc270680, 0x00007f56dc271ac0, 0x00007f56dc273140, 0x00007f56dc2745d0,
0x00007f55f40ab9b0, 0x00007f56dc2b10f0, 0x00007f56dc2b3950, 0x00007f55ec0037e0,
0x00007f55ec016750, 0x00007f55ec017930, 0x00007f55ec018a50, 0x00007f55d80b35a0,
0x00007f55d80b4790, 0x00007f55dc0a8e40
}

Java Threads: ( => current thread )
  0x00007f56dc019a90 JavaThread "main" [_thread_blocked, id=1101062, stack(0x00007f56e2700000,0x00007f56e2800000)]
  0x00007f56dc268760 JavaThread "Reference Handler" daemon [_thread_blocked, id=1101069, stack(0x00007f5676899000,0x00007f5676999000)]
  0x00007f56dc269b70 JavaThread "Finalizer" daemon [_thread_blocked, id=1101070, stack(0x00007f5676798000,0x00007f5676898000)]
  0x00007f56dc26f2a0 JavaThread "Signal Dispatcher" daemon [_thread_blocked, id=1101071, stack(0x00007f5676697000,0x00007f5676797000)]
  0x00007f56dc270680 JavaThread "Service Thread" daemon [_thread_blocked, id=1101072, stack(0x00007f5676596000,0x00007f5676696000)]
  0x00007f56dc271ac0 JavaThread "Monitor Deflation Thread" daemon [_thread_blocked, id=1101073, stack(0x00007f5676495000,0x00007f5676595000)]
  0x00007f56dc273140 JavaThread "C1 CompilerThread0" daemon [_thread_blocked, id=1101074, stack(0x00007f5676394000,0x00007f5676494000)]
  0x00007f56dc2745d0 JavaThread "Sweeper thread" daemon [_thread_blocked, id=1101075, stack(0x00007f5676293000,0x00007f5676393000)]
  0x00007f55f40ab9b0 JavaThread "C1 CompilerThread1" daemon [_thread_blocked, id=1101076, stack(0x00007f5676192000,0x00007f5676292000)]
  0x00007f56dc2b10f0 JavaThread "Common-Cleaner" daemon [_thread_blocked, id=1101077, stack(0x00007f5676091000,0x00007f5676191000)]
  0x00007f56dc2b3950 JavaThread "Notification Thread" daemon [_thread_blocked, id=1101078, stack(0x00007f5675f90000,0x00007f5676090000)]
  0x00007f55ec0037e0 JavaThread "C1 CompilerThread2" daemon [_thread_blocked, id=1101080, stack(0x00007f5675d8e000,0x00007f5675e8e000)]
  0x00007f55ec016750 JavaThread "C1 CompilerThread3" daemon [_thread_blocked, id=1101081, stack(0x00007f5675c8d000,0x00007f5675d8d000)]
  0x00007f55ec017930 JavaThread "C1 CompilerThread4" daemon [_thread_blocked, id=1101082, stack(0x00007f5675b8c000,0x00007f5675c8c000)]
  0x00007f55ec018a50 JavaThread "C1 CompilerThread5" daemon [_thread_blocked, id=1101083, stack(0x00007f5675a8b000,0x00007f5675b8b000)]
  0x00007f55d80b35a0 JavaThread "C1 CompilerThread6" daemon [_thread_blocked, id=1101092, stack(0x00007f5675759000,0x00007f5675859000)]
  0x00007f55d80b4790 JavaThread "C1 CompilerThread7" daemon [_thread_blocked, id=1101093, stack(0x00007f5675658000,0x00007f5675758000)]
  0x00007f55dc0a8e40 JavaThread "C1 CompilerThread8" daemon [_thread_blocked, id=1101094, stack(0x00007f5675557000,0x00007f5675657000)]

Other Threads:
  0x00007f56dc264670 VMThread "VM Thread" [stack: 0x00007f567699a000,0x00007f5676a9a000] [id=1101068]
  0x00007f56dc2b52c0 WatcherThread [stack: 0x00007f5675e8f000,0x00007f5675f8f000] [id=1101079]
  0x00007f56dc054390 GCTaskThread "GC Thread#0" [stack: 0x00007f5687bb2000,0x00007f5687cb2000] [id=1101063]
  0x00007f562000d000 GCTaskThread "GC Thread#1" [stack: 0x00007f5675456000,0x00007f5675556000] [id=1101105]
  0x00007f562000d9b0 GCTaskThread "GC Thread#2" [stack: 0x00007f5675355000,0x00007f5675455000] [id=1101106]
  0x00007f562000e3e0 GCTaskThread "GC Thread#3" [stack: 0x00007f5675254000,0x00007f5675354000] [id=1101107]
  0x00007f562000ee10 GCTaskThread "GC Thread#4" [stack: 0x00007f5675153000,0x00007f5675253000] [id=1101108]
  0x00007f562000f840 GCTaskThread "GC Thread#5" [stack: 0x00007f5675052000,0x00007f5675152000] [id=1101109]
  0x00007f56200102a0 GCTaskThread "GC Thread#6" [stack: 0x00007f5674f51000,0x00007f5675051000] [id=1101110]
  0x00007f5620010d00 GCTaskThread "GC Thread#7" [stack: 0x00007f5674e50000,0x00007f5674f50000] [id=1101111]
  0x00007f5620011760 GCTaskThread "GC Thread#8" [stack: 0x00007f5674d4f000,0x00007f5674e4f000] [id=1101112]
  0x00007f56200121c0 GCTaskThread "GC Thread#9" [stack: 0x00007f5674c4e000,0x00007f5674d4e000] [id=1101113]
  0x00007f5620012c60 GCTaskThread "GC Thread#10" [stack: 0x00007f5674b4d000,0x00007f5674c4d000] [id=1101114]
  0x00007f5620013700 GCTaskThread "GC Thread#11" [stack: 0x00007f5674a4c000,0x00007f5674b4c000] [id=1101115]
  0x00007f5620014590 GCTaskThread "GC Thread#12" [stack: 0x00007f567494b000,0x00007f5674a4b000] [id=1101116]
  0x00007f5620015420 GCTaskThread "GC Thread#13" [stack: 0x00007f567484a000,0x00007f567494a000] [id=1101117]
  0x00007f56200162b0 GCTaskThread "GC Thread#14" [stack: 0x00007f5674749000,0x00007f5674849000] [id=1101118]
  0x00007f5620017140 GCTaskThread "GC Thread#15" [stack: 0x00007f5674648000,0x00007f5674748000] [id=1101119]
  0x00007f5620017fd0 GCTaskThread "GC Thread#16" [stack: 0x00007f5674547000,0x00007f5674647000] [id=1101120]
  0x00007f5620018e60 GCTaskThread "GC Thread#17" [stack: 0x00007f5674446000,0x00007f5674546000] [id=1101121]
  0x00007f5620019cf0 GCTaskThread "GC Thread#18" [stack: 0x00007f5674345000,0x00007f5674445000] [id=1101122]
=>0x00007f562001ab80 GCTaskThread "GC Thread#19" [stack: 0x00007f5674244000,0x00007f5674344000] [id=1101123]
  0x00007f562001ba10 GCTaskThread "GC Thread#20" [stack: 0x00007f5674143000,0x00007f5674243000] [id=1101124]
  0x00007f562001c8a0 GCTaskThread "GC Thread#21" [stack: 0x00007f5674042000,0x00007f5674142000] [id=1101125]
  0x00007f562001d730 GCTaskThread "GC Thread#22" [stack: 0x00007f5626f00000,0x00007f5627000000] [id=1101126]
  0x00007f562001e5c0 GCTaskThread "GC Thread#23" [stack: 0x00007f5626dff000,0x00007f5626eff000] [id=1101127]
  0x00007f562001f450 GCTaskThread "GC Thread#24" [stack: 0x00007f5626cfe000,0x00007f5626dfe000] [id=1101128]
  0x00007f56200202e0 GCTaskThread "GC Thread#25" [stack: 0x00007f5626bfd000,0x00007f5626cfd000] [id=1101129]
  0x00007f5620021170 GCTaskThread "GC Thread#26" [stack: 0x00007f5626afc000,0x00007f5626bfc000] [id=1101130]
  0x00007f5620022000 GCTaskThread "GC Thread#27" [stack: 0x00007f56269fb000,0x00007f5626afb000] [id=1101131]
  0x00007f5620022e90 GCTaskThread "GC Thread#28" [stack: 0x00007f56268fa000,0x00007f56269fa000] [id=1101132]
  0x00007f5620023d20 GCTaskThread "GC Thread#29" [stack: 0x00007f56267f9000,0x00007f56268f9000] [id=1101133]
  0x00007f5620024bb0 GCTaskThread "GC Thread#30" [stack: 0x00007f56266f8000,0x00007f56267f8000] [id=1101134]
  0x00007f5620025a40 GCTaskThread "GC Thread#31" [stack: 0x00007f56265f7000,0x00007f56266f7000] [id=1101135]
  0x00007f56200268d0 GCTaskThread "GC Thread#32" [stack: 0x00007f56264f6000,0x00007f56265f6000] [id=1101136]
  0x00007f5620027760 GCTaskThread "GC Thread#33" [stack: 0x00007f56263f5000,0x00007f56264f5000] [id=1101137]
  0x00007f56200285f0 GCTaskThread "GC Thread#34" [stack: 0x00007f56262f4000,0x00007f56263f4000] [id=1101138]
  0x00007f5620029480 GCTaskThread "GC Thread#35" [stack: 0x00007f56261f3000,0x00007f56262f3000] [id=1101139]
  0x00007f562002a310 GCTaskThread "GC Thread#36" [stack: 0x00007f56260f2000,0x00007f56261f2000] [id=1101140]
  0x00007f562002b1a0 GCTaskThread "GC Thread#37" [stack: 0x00007f5625ff1000,0x00007f56260f1000] [id=1101141]
  0x00007f562002c030 GCTaskThread "GC Thread#38" [stack: 0x00007f5625ef0000,0x00007f5625ff0000] [id=1101142]
  0x00007f562002cec0 GCTaskThread "GC Thread#39" [stack: 0x00007f5625def000,0x00007f5625eef000] [id=1101143]
  0x00007f562002dd50 GCTaskThread "GC Thread#40" [stack: 0x00007f5625cee000,0x00007f5625dee000] [id=1101144]
  0x00007f562002ebe0 GCTaskThread "GC Thread#41" [stack: 0x00007f5625bed000,0x00007f5625ced000] [id=1101145]
  0x00007f562002fa70 GCTaskThread "GC Thread#42" [stack: 0x00007f5625aec000,0x00007f5625bec000] [id=1101146]
  0x00007f56dc064a90 ConcurrentGCThread "G1 Main Marker" [stack: 0x00007f5687ab1000,0x00007f5687bb1000] [id=1101064]
  0x00007f56dc065a60 ConcurrentGCThread "G1 Conc#0" [stack: 0x00007f56879b0000,0x00007f5687ab0000] [id=1101065]
  0x00007f56dc22fc40 ConcurrentGCThread "G1 Refine#0" [stack: 0x00007f5676cee000,0x00007f5676dee000] [id=1101066]
  0x00007f56dc230b60 ConcurrentGCThread "G1 Service" [stack: 0x00007f5676bed000,0x00007f5676ced000] [id=1101067]

Threads with active compile tasks:

VM state: at safepoint (normal execution)

VM Mutex/Monitor currently owned by a thread:  ([mutex/lock_event])
[0x00007f56dc0165c0] Threads_lock - owner thread: 0x00007f56dc264670
[0x00007f56dc016d70] Heap_lock - owner thread: 0x00007f56dc019a90

Heap address: 0x0000000082000000, size: 30688 MB, Compressed Oops mode: Zero based, Oop shift amount: 3

CDS archive(s) mapped at: [0x00007f5627000000-0x00007f5627bc9000-0x00007f5627bc9000), size 12357632, SharedBaseAddress: 0x00007f5627000000, ArchiveRelocationMode: 1.
Compressed class space mapped at: 0x00007f5628000000-0x00007f5668000000, reserved size: 1073741824
Narrow klass base: 0x00007f5627000000, Narrow klass shift: 0, Narrow klass range: 0x100000000

GC Precious Log:
 CPUs: 64 total, 64 available
 Memory: 125G
 Large Page Support: Disabled
 NUMA Support: Disabled
 Compressed Oops: Enabled (Zero based)
 Heap Region Size: 16M
 Heap Min Capacity: 16M
 Heap Initial Capacity: 2016M
 Heap Max Capacity: 30688M
 Pre-touch: Disabled
 Parallel Workers: 43
 Concurrent Workers: 11
 Concurrent Refinement Workers: 43
 Periodic GC: Disabled

Heap:
 garbage-first heap   total 2097152K, used 117331K [0x0000000082000000, 0x0000000800000000)
  region size 16384K, 6 young (98304K), 1 survivors (16384K)
 Metaspace       used 17811K, committed 18368K, reserved 1114112K
  class space    used 2491K, committed 2752K, reserved 1048576K

Heap Regions: E=young(eden), S=young(survivor), O=old, HS=humongous(starts), HC=humongous(continues), CS=collection set, F=free, OA=open archive, CA=closed archive, TAMS=top-at-mark-start (previous, next)
|   0|0x0000000082000000, 0x0000000083000000, 0x0000000083000000|100%| O|  |TAMS 0x0000000082000000, 0x0000000082000000| Untracked 
|   1|0x0000000083000000, 0x0000000083d857f8, 0x0000000084000000| 84%| O|  |TAMS 0x0000000083000000, 0x0000000083000000| Untracked 
|   2|0x0000000084000000, 0x0000000084000000, 0x0000000085000000|  0%| F|  |TAMS 0x0000000084000000, 0x0000000084000000| Untracked 
|   3|0x0000000085000000, 0x0000000085000000, 0x0000000086000000|  0%| F|  |TAMS 0x0000000085000000, 0x0000000085000000| Untracked 
|   4|0x0000000086000000, 0x0000000086000000, 0x0000000087000000|  0%| F|  |TAMS 0x0000000086000000, 0x0000000086000000| Untracked 
|   5|0x0000000087000000, 0x0000000087000000, 0x0000000088000000|  0%| F|  |TAMS 0x0000000087000000, 0x0000000087000000| Untracked 
|   6|0x0000000088000000, 0x0000000088000000, 0x0000000089000000|  0%| F|  |TAMS 0x0000000088000000, 0x0000000088000000| Untracked 
|   7|0x0000000089000000, 0x0000000089000000, 0x000000008a000000|  0%| F|  |TAMS 0x0000000089000000, 0x0000000089000000| Untracked 
|   8|0x000000008a000000, 0x000000008a000000, 0x000000008b000000|  0%| F|  |TAMS 0x000000008a000000, 0x000000008a000000| Untracked 
|   9|0x000000008b000000, 0x000000008b000000, 0x000000008c000000|  0%| F|  |TAMS 0x000000008b000000, 0x000000008b000000| Untracked 
|  10|0x000000008c000000, 0x000000008c000000, 0x000000008d000000|  0%| F|  |TAMS 0x000000008c000000, 0x000000008c000000| Untracked 
|  11|0x000000008d000000, 0x000000008d000000, 0x000000008e000000|  0%| F|  |TAMS 0x000000008d000000, 0x000000008d000000| Untracked 
|  12|0x000000008e000000, 0x000000008e000000, 0x000000008f000000|  0%| F|  |TAMS 0x000000008e000000, 0x000000008e000000| Untracked 
|  13|0x000000008f000000, 0x000000008f000000, 0x0000000090000000|  0%| F|  |TAMS 0x000000008f000000, 0x000000008f000000| Untracked 
|  14|0x0000000090000000, 0x0000000090000000, 0x0000000091000000|  0%| F|  |TAMS 0x0000000090000000, 0x0000000090000000| Untracked 
|  15|0x0000000091000000, 0x0000000091000000, 0x0000000092000000|  0%| F|  |TAMS 0x0000000091000000, 0x0000000091000000| Untracked 
|  16|0x0000000092000000, 0x0000000092000000, 0x0000000093000000|  0%| F|  |TAMS 0x0000000092000000, 0x0000000092000000| Untracked 
|  17|0x0000000093000000, 0x0000000093000000, 0x0000000094000000|  0%| F|  |TAMS 0x0000000093000000, 0x0000000093000000| Untracked 
|  18|0x0000000094000000, 0x0000000094000000, 0x0000000095000000|  0%| F|  |TAMS 0x0000000094000000, 0x0000000094000000| Untracked 
|  19|0x0000000095000000, 0x0000000095000000, 0x0000000096000000|  0%| F|  |TAMS 0x0000000095000000, 0x0000000095000000| Untracked 
|  20|0x0000000096000000, 0x0000000096000000, 0x0000000097000000|  0%| F|  |TAMS 0x0000000096000000, 0x0000000096000000| Untracked 
|  21|0x0000000097000000, 0x0000000097000000, 0x0000000098000000|  0%| F|  |TAMS 0x0000000097000000, 0x0000000097000000| Untracked 
|  22|0x0000000098000000, 0x0000000098000000, 0x0000000099000000|  0%| F|  |TAMS 0x0000000098000000, 0x0000000098000000| Untracked 
|  23|0x0000000099000000, 0x0000000099000000, 0x000000009a000000|  0%| F|  |TAMS 0x0000000099000000, 0x0000000099000000| Untracked 
|  24|0x000000009a000000, 0x000000009a000000, 0x000000009b000000|  0%| F|  |TAMS 0x000000009a000000, 0x000000009a000000| Untracked 
|  25|0x000000009b000000, 0x000000009b000000, 0x000000009c000000|  0%| F|  |TAMS 0x000000009b000000, 0x000000009b000000| Untracked 
|  26|0x000000009c000000, 0x000000009c000000, 0x000000009d000000|  0%| F|  |TAMS 0x000000009c000000, 0x000000009c000000| Untracked 
|  27|0x000000009d000000, 0x000000009d000000, 0x000000009e000000|  0%| F|  |TAMS 0x000000009d000000, 0x000000009d000000| Untracked 
|  28|0x000000009e000000, 0x000000009e000000, 0x000000009f000000|  0%| F|  |TAMS 0x000000009e000000, 0x000000009e000000| Untracked 
|  29|0x000000009f000000, 0x000000009f000000, 0x00000000a0000000|  0%| F|  |TAMS 0x000000009f000000, 0x000000009f000000| Untracked 
|  30|0x00000000a0000000, 0x00000000a0000000, 0x00000000a1000000|  0%| F|  |TAMS 0x00000000a0000000, 0x00000000a0000000| Untracked 
|  31|0x00000000a1000000, 0x00000000a1000000, 0x00000000a2000000|  0%| F|  |TAMS 0x00000000a1000000, 0x00000000a1000000| Untracked 
|  32|0x00000000a2000000, 0x00000000a2000000, 0x00000000a3000000|  0%| F|  |TAMS 0x00000000a2000000, 0x00000000a2000000| Untracked 
|  33|0x00000000a3000000, 0x00000000a3000000, 0x00000000a4000000|  0%| F|  |TAMS 0x00000000a3000000, 0x00000000a3000000| Untracked 
|  34|0x00000000a4000000, 0x00000000a4000000, 0x00000000a5000000|  0%| F|  |TAMS 0x00000000a4000000, 0x00000000a4000000| Untracked 
|  35|0x00000000a5000000, 0x00000000a5000000, 0x00000000a6000000|  0%| F|  |TAMS 0x00000000a5000000, 0x00000000a5000000| Untracked 
|  36|0x00000000a6000000, 0x00000000a6000000, 0x00000000a7000000|  0%| F|  |TAMS 0x00000000a6000000, 0x00000000a6000000| Untracked 
|  37|0x00000000a7000000, 0x00000000a7000000, 0x00000000a8000000|  0%| F|  |TAMS 0x00000000a7000000, 0x00000000a7000000| Untracked 
|  38|0x00000000a8000000, 0x00000000a8000000, 0x00000000a9000000|  0%| F|  |TAMS 0x00000000a8000000, 0x00000000a8000000| Untracked 
|  39|0x00000000a9000000, 0x00000000a9000000, 0x00000000aa000000|  0%| F|  |TAMS 0x00000000a9000000, 0x00000000a9000000| Untracked 
|  40|0x00000000aa000000, 0x00000000aa000000, 0x00000000ab000000|  0%| F|  |TAMS 0x00000000aa000000, 0x00000000aa000000| Untracked 
|  41|0x00000000ab000000, 0x00000000ab000000, 0x00000000ac000000|  0%| F|  |TAMS 0x00000000ab000000, 0x00000000ab000000| Untracked 
|  42|0x00000000ac000000, 0x00000000ac000000, 0x00000000ad000000|  0%| F|  |TAMS 0x00000000ac000000, 0x00000000ac000000| Untracked 
|  43|0x00000000ad000000, 0x00000000ad000000, 0x00000000ae000000|  0%| F|  |TAMS 0x00000000ad000000, 0x00000000ad000000| Untracked 
|  44|0x00000000ae000000, 0x00000000ae000000, 0x00000000af000000|  0%| F|  |TAMS 0x00000000ae000000, 0x00000000ae000000| Untracked 
|  45|0x00000000af000000, 0x00000000af000000, 0x00000000b0000000|  0%| F|  |TAMS 0x00000000af000000, 0x00000000af000000| Untracked 
|  46|0x00000000b0000000, 0x00000000b0000000, 0x00000000b1000000|  0%| F|  |TAMS 0x00000000b0000000, 0x00000000b0000000| Untracked 
|  47|0x00000000b1000000, 0x00000000b1000000, 0x00000000b2000000|  0%| F|  |TAMS 0x00000000b1000000, 0x00000000b1000000| Untracked 
|  48|0x00000000b2000000, 0x00000000b2000000, 0x00000000b3000000|  0%| F|  |TAMS 0x00000000b2000000, 0x00000000b2000000| Untracked 
|  49|0x00000000b3000000, 0x00000000b3000000, 0x00000000b4000000|  0%| F|  |TAMS 0x00000000b3000000, 0x00000000b3000000| Untracked 
|  50|0x00000000b4000000, 0x00000000b4000000, 0x00000000b5000000|  0%| F|  |TAMS 0x00000000b4000000, 0x00000000b4000000| Untracked 
|  51|0x00000000b5000000, 0x00000000b5000000, 0x00000000b6000000|  0%| F|  |TAMS 0x00000000b5000000, 0x00000000b5000000| Untracked 
|  52|0x00000000b6000000, 0x00000000b6000000, 0x00000000b7000000|  0%| F|  |TAMS 0x00000000b6000000, 0x00000000b6000000| Untracked 
|  53|0x00000000b7000000, 0x00000000b7000000, 0x00000000b8000000|  0%| F|  |TAMS 0x00000000b7000000, 0x00000000b7000000| Untracked 
|  54|0x00000000b8000000, 0x00000000b8000000, 0x00000000b9000000|  0%| F|  |TAMS 0x00000000b8000000, 0x00000000b8000000| Untracked 
|  55|0x00000000b9000000, 0x00000000b9000000, 0x00000000ba000000|  0%| F|  |TAMS 0x00000000b9000000, 0x00000000b9000000| Untracked 
|  56|0x00000000ba000000, 0x00000000ba000000, 0x00000000bb000000|  0%| F|  |TAMS 0x00000000ba000000, 0x00000000ba000000| Untracked 
|  57|0x00000000bb000000, 0x00000000bb000000, 0x00000000bc000000|  0%| F|  |TAMS 0x00000000bb000000, 0x00000000bb000000| Untracked 
|  58|0x00000000bc000000, 0x00000000bc000000, 0x00000000bd000000|  0%| F|  |TAMS 0x00000000bc000000, 0x00000000bc000000| Untracked 
|  59|0x00000000bd000000, 0x00000000bd000000, 0x00000000be000000|  0%| F|  |TAMS 0x00000000bd000000, 0x00000000bd000000| Untracked 
|  60|0x00000000be000000, 0x00000000be000000, 0x00000000bf000000|  0%| F|  |TAMS 0x00000000be000000, 0x00000000be000000| Untracked 
|  61|0x00000000bf000000, 0x00000000bf000000, 0x00000000c0000000|  0%| F|  |TAMS 0x00000000bf000000, 0x00000000bf000000| Untracked 
|  62|0x00000000c0000000, 0x00000000c0000000, 0x00000000c1000000|  0%| F|  |TAMS 0x00000000c0000000, 0x00000000c0000000| Untracked 
|  63|0x00000000c1000000, 0x00000000c1000000, 0x00000000c2000000|  0%| F|  |TAMS 0x00000000c1000000, 0x00000000c1000000| Untracked 
|  64|0x00000000c2000000, 0x00000000c2000000, 0x00000000c3000000|  0%| F|  |TAMS 0x00000000c2000000, 0x00000000c2000000| Untracked 
|  65|0x00000000c3000000, 0x00000000c3000000, 0x00000000c4000000|  0%| F|  |TAMS 0x00000000c3000000, 0x00000000c3000000| Untracked 
|  66|0x00000000c4000000, 0x00000000c4000000, 0x00000000c5000000|  0%| F|  |TAMS 0x00000000c4000000, 0x00000000c4000000| Untracked 
|  67|0x00000000c5000000, 0x00000000c5000000, 0x00000000c6000000|  0%| F|  |TAMS 0x00000000c5000000, 0x00000000c5000000| Untracked 
|  68|0x00000000c6000000, 0x00000000c6000000, 0x00000000c7000000|  0%| F|  |TAMS 0x00000000c6000000, 0x00000000c6000000| Untracked 
|  69|0x00000000c7000000, 0x00000000c7000000, 0x00000000c8000000|  0%| F|  |TAMS 0x00000000c7000000, 0x00000000c7000000| Untracked 
|  70|0x00000000c8000000, 0x00000000c8000000, 0x00000000c9000000|  0%| F|  |TAMS 0x00000000c8000000, 0x00000000c8000000| Untracked 
|  71|0x00000000c9000000, 0x00000000c9000000, 0x00000000ca000000|  0%| F|  |TAMS 0x00000000c9000000, 0x00000000c9000000| Untracked 
|  72|0x00000000ca000000, 0x00000000ca000000, 0x00000000cb000000|  0%| F|  |TAMS 0x00000000ca000000, 0x00000000ca000000| Untracked 
|  73|0x00000000cb000000, 0x00000000cb000000, 0x00000000cc000000|  0%| F|  |TAMS 0x00000000cb000000, 0x00000000cb000000| Untracked 
|  74|0x00000000cc000000, 0x00000000cc000000, 0x00000000cd000000|  0%| F|  |TAMS 0x00000000cc000000, 0x00000000cc000000| Untracked 
|  75|0x00000000cd000000, 0x00000000cd000000, 0x00000000ce000000|  0%| F|  |TAMS 0x00000000cd000000, 0x00000000cd000000| Untracked 
|  76|0x00000000ce000000, 0x00000000ce000000, 0x00000000cf000000|  0%| F|  |TAMS 0x00000000ce000000, 0x00000000ce000000| Untracked 
|  77|0x00000000cf000000, 0x00000000cf000000, 0x00000000d0000000|  0%| F|  |TAMS 0x00000000cf000000, 0x00000000cf000000| Untracked 
|  78|0x00000000d0000000, 0x00000000d0000000, 0x00000000d1000000|  0%| F|  |TAMS 0x00000000d0000000, 0x00000000d0000000| Untracked 
|  79|0x00000000d1000000, 0x00000000d1000000, 0x00000000d2000000|  0%| F|  |TAMS 0x00000000d1000000, 0x00000000d1000000| Untracked 
|  80|0x00000000d2000000, 0x00000000d2000000, 0x00000000d3000000|  0%| F|  |TAMS 0x00000000d2000000, 0x00000000d2000000| Untracked 
|  81|0x00000000d3000000, 0x00000000d3000000, 0x00000000d4000000|  0%| F|  |TAMS 0x00000000d3000000, 0x00000000d3000000| Untracked 
|  82|0x00000000d4000000, 0x00000000d4000000, 0x00000000d5000000|  0%| F|  |TAMS 0x00000000d4000000, 0x00000000d4000000| Untracked 
|  83|0x00000000d5000000, 0x00000000d5000000, 0x00000000d6000000|  0%| F|  |TAMS 0x00000000d5000000, 0x00000000d5000000| Untracked 
|  84|0x00000000d6000000, 0x00000000d6000000, 0x00000000d7000000|  0%| F|  |TAMS 0x00000000d6000000, 0x00000000d6000000| Untracked 
|  85|0x00000000d7000000, 0x00000000d7000000, 0x00000000d8000000|  0%| F|  |TAMS 0x00000000d7000000, 0x00000000d7000000| Untracked 
|  86|0x00000000d8000000, 0x00000000d8000000, 0x00000000d9000000|  0%| F|  |TAMS 0x00000000d8000000, 0x00000000d8000000| Untracked 
|  87|0x00000000d9000000, 0x00000000d9000000, 0x00000000da000000|  0%| F|  |TAMS 0x00000000d9000000, 0x00000000d9000000| Untracked 
|  88|0x00000000da000000, 0x00000000da000000, 0x00000000db000000|  0%| F|  |TAMS 0x00000000da000000, 0x00000000da000000| Untracked 
|  89|0x00000000db000000, 0x00000000db000000, 0x00000000dc000000|  0%| F|  |TAMS 0x00000000db000000, 0x00000000db000000| Untracked 
|  90|0x00000000dc000000, 0x00000000dc000000, 0x00000000dd000000|  0%| F|  |TAMS 0x00000000dc000000, 0x00000000dc000000| Untracked 
|  91|0x00000000dd000000, 0x00000000dd000000, 0x00000000de000000|  0%| F|  |TAMS 0x00000000dd000000, 0x00000000dd000000| Untracked 
|  92|0x00000000de000000, 0x00000000de000000, 0x00000000df000000|  0%| F|  |TAMS 0x00000000de000000, 0x00000000de000000| Untracked 
|  93|0x00000000df000000, 0x00000000df000000, 0x00000000e0000000|  0%| F|  |TAMS 0x00000000df000000, 0x00000000df000000| Untracked 
|  94|0x00000000e0000000, 0x00000000e0000000, 0x00000000e1000000|  0%| F|  |TAMS 0x00000000e0000000, 0x00000000e0000000| Untracked 
|  95|0x00000000e1000000, 0x00000000e1000000, 0x00000000e2000000|  0%| F|  |TAMS 0x00000000e1000000, 0x00000000e1000000| Untracked 
|  96|0x00000000e2000000, 0x00000000e2000000, 0x00000000e3000000|  0%| F|  |TAMS 0x00000000e2000000, 0x00000000e2000000| Untracked 
|  97|0x00000000e3000000, 0x00000000e3000000, 0x00000000e4000000|  0%| F|  |TAMS 0x00000000e3000000, 0x00000000e3000000| Untracked 
|  98|0x00000000e4000000, 0x00000000e4000000, 0x00000000e5000000|  0%| F|  |TAMS 0x00000000e4000000, 0x00000000e4000000| Untracked 
|  99|0x00000000e5000000, 0x00000000e5000000, 0x00000000e6000000|  0%| F|  |TAMS 0x00000000e5000000, 0x00000000e5000000| Untracked 
| 100|0x00000000e6000000, 0x00000000e6000000, 0x00000000e7000000|  0%| F|  |TAMS 0x00000000e6000000, 0x00000000e6000000| Untracked 
| 101|0x00000000e7000000, 0x00000000e7000000, 0x00000000e8000000|  0%| F|  |TAMS 0x00000000e7000000, 0x00000000e7000000| Untracked 
| 102|0x00000000e8000000, 0x00000000e8000000, 0x00000000e9000000|  0%| F|  |TAMS 0x00000000e8000000, 0x00000000e8000000| Untracked 
| 103|0x00000000e9000000, 0x00000000e9000000, 0x00000000ea000000|  0%| F|  |TAMS 0x00000000e9000000, 0x00000000e9000000| Untracked 
| 104|0x00000000ea000000, 0x00000000ea000000, 0x00000000eb000000|  0%| F|  |TAMS 0x00000000ea000000, 0x00000000ea000000| Untracked 
| 105|0x00000000eb000000, 0x00000000eb000000, 0x00000000ec000000|  0%| F|  |TAMS 0x00000000eb000000, 0x00000000eb000000| Untracked 
| 106|0x00000000ec000000, 0x00000000ec000000, 0x00000000ed000000|  0%| F|  |TAMS 0x00000000ec000000, 0x00000000ec000000| Untracked 
| 107|0x00000000ed000000, 0x00000000ed000000, 0x00000000ee000000|  0%| F|  |TAMS 0x00000000ed000000, 0x00000000ed000000| Untracked 
| 108|0x00000000ee000000, 0x00000000ee000000, 0x00000000ef000000|  0%| F|  |TAMS 0x00000000ee000000, 0x00000000ee000000| Untracked 
| 109|0x00000000ef000000, 0x00000000ef000000, 0x00000000f0000000|  0%| F|  |TAMS 0x00000000ef000000, 0x00000000ef000000| Untracked 
| 110|0x00000000f0000000, 0x00000000f0000000, 0x00000000f1000000|  0%| F|  |TAMS 0x00000000f0000000, 0x00000000f0000000| Untracked 
| 111|0x00000000f1000000, 0x00000000f1000000, 0x00000000f2000000|  0%| F|  |TAMS 0x00000000f1000000, 0x00000000f1000000| Untracked 
| 112|0x00000000f2000000, 0x00000000f2000000, 0x00000000f3000000|  0%| F|  |TAMS 0x00000000f2000000, 0x00000000f2000000| Untracked 
| 113|0x00000000f3000000, 0x00000000f3000000, 0x00000000f4000000|  0%| F|  |TAMS 0x00000000f3000000, 0x00000000f3000000| Untracked 
| 114|0x00000000f4000000, 0x00000000f4000000, 0x00000000f5000000|  0%| F|  |TAMS 0x00000000f4000000, 0x00000000f4000000| Untracked 
| 115|0x00000000f5000000, 0x00000000f5000000, 0x00000000f6000000|  0%| F|  |TAMS 0x00000000f5000000, 0x00000000f5000000| Untracked 
| 116|0x00000000f6000000, 0x00000000f6000000, 0x00000000f7000000|  0%| F|  |TAMS 0x00000000f6000000, 0x00000000f6000000| Untracked 
| 117|0x00000000f7000000, 0x00000000f7000000, 0x00000000f8000000|  0%| F|  |TAMS 0x00000000f7000000, 0x00000000f7000000| Untracked 
| 118|0x00000000f8000000, 0x00000000f8000000, 0x00000000f9000000|  0%| F|  |TAMS 0x00000000f8000000, 0x00000000f8000000| Untracked 
| 119|0x00000000f9000000, 0x00000000fa000000, 0x00000000fa000000|100%| E|CS|TAMS 0x00000000f9000000, 0x00000000f9000000| Complete 
| 120|0x00000000fa000000, 0x00000000faa8c060, 0x00000000fb000000| 65%| S|  |TAMS 0x00000000fa000000, 0x00000000fa000000| Complete 
| 121|0x00000000fb000000, 0x00000000fc000000, 0x00000000fc000000|100%| E|CS|TAMS 0x00000000fb000000, 0x00000000fb000000| Complete 
| 122|0x00000000fc000000, 0x00000000fd000000, 0x00000000fd000000|100%| E|CS|TAMS 0x00000000fc000000, 0x00000000fc000000| Complete 
| 123|0x00000000fd000000, 0x00000000fe000000, 0x00000000fe000000|100%| E|CS|TAMS 0x00000000fd000000, 0x00000000fd000000| Complete 
| 124|0x00000000fe000000, 0x00000000ff000000, 0x00000000ff000000|100%| E|CS|TAMS 0x00000000fe000000, 0x00000000fe000000| Complete 
| 125|0x00000000ff000000, 0x0000000100000000, 0x0000000100000000|100%| E|CS|TAMS 0x00000000ff000000, 0x00000000ff000000| Complete 
|1916|0x00000007fe000000, 0x00000007fef75000, 0x00000007ff000000| 96%|OA|  |TAMS 0x00000007fe000000, 0x00000007fe000000| Untracked 
|1917|0x00000007ff000000, 0x00000007ff077000, 0x0000000800000000|  2%|CA|  |TAMS 0x00000007ff000000, 0x00000007ff000000| Untracked 

Card table byte_map: [0x00007f56c79fe000,0x00007f56cb5ee000] _byte_map_base: 0x00007f56c75ee000

Marking Bits (Prev, Next): (CMBitMap*) 0x00007f56dc054e40, (CMBitMap*) 0x00007f56dc054e80
 Prev Bits: [0x00007f56a5e8e000, 0x00007f56c3e0e000)
 Next Bits: [0x00007f5687f0e000, 0x00007f56a5e8e000)

Polling page: 0x00007f56e2c07000

Metaspace:

Usage:
  Non-class:     14.96 MB used.
      Class:      2.43 MB used.
       Both:     17.39 MB used.

Virtual space:
  Non-class space:       64.00 MB reserved,      15.25 MB ( 24%) committed,  1 nodes.
      Class space:        1.00 GB reserved,       2.69 MB ( <1%) committed,  1 nodes.
             Both:        1.06 GB reserved,      17.94 MB (  2%) committed. 

Chunk freelists:
   Non-Class:  330.00 KB
       Class:  13.28 MB
        Both:  13.60 MB

MaxMetaspaceSize: unlimited
CompressedClassSpaceSize: 1.00 GB
Initial GC threshold: 21.00 MB
Current GC threshold: 21.00 MB
CDS: on
MetaspaceReclaimPolicy: balanced
 - commit_granule_bytes: 65536.
 - commit_granule_words: 8192.
 - virtual_space_node_default_size: 8388608.
 - enlarge_chunks_in_place: 1.
 - new_chunks_are_fully_committed: 0.
 - uncommit_free_chunks: 1.
 - use_allocation_guard: 0.
 - handle_deallocations: 1.


Internal statistics:

num_allocs_failed_limit: 0.
num_arena_births: 788.
num_arena_deaths: 0.
num_vsnodes_births: 2.
num_vsnodes_deaths: 0.
num_space_committed: 287.
num_space_uncommitted: 0.
num_chunks_returned_to_freelist: 0.
num_chunks_taken_from_freelist: 1506.
num_chunk_merges: 0.
num_chunk_splits: 988.
num_chunks_enlarged: 634.
num_inconsistent_stats: 0.

CodeCache: size=49152Kb used=12379Kb max_used=12379Kb free=36773Kb
 bounds [0x00007f56d1400000, 0x00007f56d2020000, 0x00007f56d4400000]
 total_blobs=4700 nmethods=4084 adapters=535
 compilation: enabled
              stopped_count=0, restarted_count=0
 full_count=0

Compilation events (20 events):
Event: 1.264 Thread 0x00007f55ec016750 nmethod 4076 0x00007f56d2010890 code [0x00007f56d2010a40, 0x00007f56d2010bc0]
Event: 1.264 Thread 0x00007f55ec0037e0 nmethod 4074 0x00007f56d2010d10 code [0x00007f56d2010ee0, 0x00007f56d20114d0]
Event: 1.265 Thread 0x00007f56dc273140 4077       1       groovyjarjarantlr4.v4.runtime.atn.ParserATNSimulator::execATN (730 bytes)
Event: 1.267 Thread 0x00007f55ec017930 4078       1       org.apache.groovy.parser.antlr4.GroovyLexer::enterParen (40 bytes)
Event: 1.267 Thread 0x00007f55d80b35a0 4079       1       org.apache.groovy.parser.antlr4.GroovyLexer::enterParenCallback (1 bytes)
Event: 1.267 Thread 0x00007f55dc0a8e40 4080       1       org.apache.groovy.parser.antlr4.GroovyLexer$Paren::<init> (26 bytes)
Event: 1.267 Thread 0x00007f55d80b35a0 nmethod 4079 0x00007f56d2011690 code [0x00007f56d2011820, 0x00007f56d20118d0]
Event: 1.267 Thread 0x00007f55ec016750 4081       1       java.util.concurrent.atomic.AtomicIntegerArray::<init> (12 bytes)
Event: 1.267 Thread 0x00007f55dc0a8e40 nmethod 4080 0x00007f56d2011990 code [0x00007f56d2011b20, 0x00007f56d2011c30]
Event: 1.267 Thread 0x00007f55ec017930 nmethod 4078 0x00007f56d2011c90 code [0x00007f56d2011e60, 0x00007f56d2012200]
Event: 1.267 Thread 0x00007f55d80b35a0 4082       1       org.apache.groovy.parser.antlr4.GroovyLexer::exitParen (40 bytes)
Event: 1.267 Thread 0x00007f55dc0a8e40 4083       1       org.apache.groovy.parser.antlr4.GroovyLexer::exitParenCallback (1 bytes)
Event: 1.267 Thread 0x00007f55ec016750 nmethod 4081 0x00007f56d2012510 code [0x00007f56d20126a0, 0x00007f56d2012850]
Event: 1.267 Thread 0x00007f55dc0a8e40 nmethod 4083 0x00007f56d2012910 code [0x00007f56d2012aa0, 0x00007f56d2012b50]
Event: 1.268 Thread 0x00007f56dc273140 nmethod 4077 0x00007f56d2012c10 code [0x00007f56d2013080, 0x00007f56d2014ab0]
Event: 1.268 Thread 0x00007f55d80b35a0 nmethod 4082 0x00007f56d2015e90 code [0x00007f56d2016080, 0x00007f56d2016350]
Event: 1.268 Thread 0x00007f55f40ab9b0 4084       1       groovyjarjarantlr4.v4.runtime.atn.LexerTypeAction::execute (9 bytes)
Event: 1.268 Thread 0x00007f55f40ab9b0 nmethod 4084 0x00007f56d2016590 code [0x00007f56d2016720, 0x00007f56d20167f0]
Event: 1.296 Thread 0x00007f55d80b35a0 4085       1       groovyjarjarantlr4.v4.runtime.atn.ArrayPredictionContext::<init> (67 bytes)
Event: 1.297 Thread 0x00007f55d80b35a0 nmethod 4085 0x00007f56d2016890 code [0x00007f56d2016a20, 0x00007f56d2016b90]

GC Heap History (3 events):
Event: 0.786 GC heap before
{Heap before GC invocations=0 (full 0):
 garbage-first heap   total 2097152K, used 114608K [0x0000000082000000, 0x0000000800000000)
  region size 16384K, 6 young (98304K), 0 survivors (0K)
 Metaspace       used 11939K, committed 12352K, reserved 1114112K
  class space    used 1570K, committed 1792K, reserved 1048576K
}
Event: 0.802 GC heap after
{Heap after GC invocations=1 (full 0):
 garbage-first heap   total 2097152K, used 35411K [0x0000000082000000, 0x0000000800000000)
  region size 16384K, 1 young (16384K), 1 survivors (16384K)
 Metaspace       used 11939K, committed 12352K, reserved 1114112K
  class space    used 1570K, committed 1792K, reserved 1048576K
}
Event: 1.298 GC heap before
{Heap before GC invocations=1 (full 0):
 garbage-first heap   total 2097152K, used 117331K [0x0000000082000000, 0x0000000800000000)
  region size 16384K, 6 young (98304K), 1 survivors (16384K)
 Metaspace       used 17811K, committed 18368K, reserved 1114112K
  class space    used 2491K, committed 2752K, reserved 1048576K
}

Dll operation events (7 events):
Event: 0.002 Loaded shared library /home/paifb01/miniconda3/envs/nf-core/lib/jvm/lib/libjava.so
Event: 0.017 Loaded shared library /home/paifb01/miniconda3/envs/nf-core/lib/jvm/lib/libjsvml.so
Event: 0.036 Loaded shared library /home/paifb01/miniconda3/envs/nf-core/lib/jvm/lib/libnio.so
Event: 0.045 Loaded shared library /home/paifb01/miniconda3/envs/nf-core/lib/jvm/lib/libzip.so
Event: 0.069 Loaded shared library /home/paifb01/miniconda3/envs/nf-core/lib/jvm/lib/libjimage.so
Event: 0.205 Loaded shared library /home/paifb01/miniconda3/envs/nf-core/lib/jvm/lib/libnet.so
Event: 0.534 Loaded shared library /home/paifb01/miniconda3/envs/nf-core/lib/jvm/lib/libverify.so

Deoptimization events (10 events):
Event: 0.461 Thread 0x00007f56dc019a90 DEOPT PACKING pc=0x00007f56d1ab9a54 sp=0x00007f56e27fd000
Event: 0.461 Thread 0x00007f56dc019a90 DEOPT UNPACKING pc=0x00007f56d1456e2f sp=0x00007f56e27fc4f8 mode 0
Event: 0.956 Thread 0x00007f56dc019a90 DEOPT PACKING pc=0x00007f56d1ea218a sp=0x00007f56e27f97f0
Event: 0.956 Thread 0x00007f56dc019a90 DEOPT UNPACKING pc=0x00007f56d1456e2f sp=0x00007f56e27f8ce0 mode 0
Event: 0.956 Thread 0x00007f56dc019a90 DEOPT PACKING pc=0x00007f56d1e9f90c sp=0x00007f56e27f9890
Event: 0.956 Thread 0x00007f56dc019a90 DEOPT UNPACKING pc=0x00007f56d1456e2f sp=0x00007f56e27f8d38 mode 0
Event: 0.956 Thread 0x00007f56dc019a90 DEOPT PACKING pc=0x00007f56d1ea0e74 sp=0x00007f56e27f9980
Event: 0.956 Thread 0x00007f56dc019a90 DEOPT UNPACKING pc=0x00007f56d1456e2f sp=0x00007f56e27f8ec8 mode 0
Event: 1.032 Thread 0x00007f56dc019a90 DEOPT PACKING pc=0x00007f56d1c8a384 sp=0x00007f56e27f9e10
Event: 1.032 Thread 0x00007f56dc019a90 DEOPT UNPACKING pc=0x00007f56d1456e2f sp=0x00007f56e27f9330 mode 0

Classes loaded (20 events):
Event: 1.194 Loading class java/lang/constant/ConstableBeanInfo
Event: 1.194 Loading class java/lang/constant/ConstableBeanInfo done
Event: 1.194 Loading class java/lang/constant/ConstableCustomizer
Event: 1.194 Loading class java/lang/constant/ConstableCustomizer done
Event: 1.194 Loading class java/lang/constant/ConstableCustomizer
Event: 1.194 Loading class java/lang/constant/ConstableCustomizer done
Event: 1.194 Loading class java/lang/constant/ConstantDescBeanInfo
Event: 1.194 Loading class java/lang/constant/ConstantDescBeanInfo done
Event: 1.194 Loading class java/lang/constant/ConstantDescBeanInfo
Event: 1.194 Loading class java/lang/constant/ConstantDescBeanInfo done
Event: 1.194 Loading class java/lang/constant/ConstantDescCustomizer
Event: 1.194 Loading class java/lang/constant/ConstantDescCustomizer done
Event: 1.194 Loading class java/lang/constant/ConstantDescCustomizer
Event: 1.194 Loading class java/lang/constant/ConstantDescCustomizer done
Event: 1.204 Loading class java/nio/file/PathMatcher
Event: 1.204 Loading class java/nio/file/PathMatcher done
Event: 1.205 Loading class java/nio/file/attribute/UserPrincipalLookupService
Event: 1.205 Loading class java/nio/file/attribute/UserPrincipalLookupService done
Event: 1.205 Loading class java/util/regex/Pattern$Neg
Event: 1.205 Loading class java/util/regex/Pattern$Neg done

Classes unloaded (0 events):
No events

Classes redefined (0 events):
No events

Internal exceptions (20 events):
Event: 1.193 Thread 0x00007f56dc019a90 Exception <a 'java/lang/ClassNotFoundException'{0x00000000fc3df478}: java/lang/ComparableBeanInfo> (0x00000000fc3df478) 
thrown [src/hotspot/share/classfile/systemDictionary.cpp, line 256]
Event: 1.193 Thread 0x00007f56dc019a90 Exception <a 'java/lang/ClassNotFoundException'{0x00000000fc3e06c0}: java/lang/ComparableCustomizer> (0x00000000fc3e06c0) 
thrown [src/hotspot/share/classfile/systemDictionary.cpp, line 256]
Event: 1.194 Thread 0x00007f56dc019a90 Exception <a 'java/lang/ClassNotFoundException'{0x00000000fc3e66c0}: java/lang/constant/ConstableBeanInfo> (0x00000000fc3e66c0) 
thrown [src/hotspot/share/classfile/systemDictionary.cpp, line 256]
Event: 1.194 Thread 0x00007f56dc019a90 Exception <a 'java/lang/ClassNotFoundException'{0x00000000fc3e7930}: java/lang/constant/ConstableCustomizer> (0x00000000fc3e7930) 
thrown [src/hotspot/share/classfile/systemDictionary.cpp, line 256]
Event: 1.194 Thread 0x00007f56dc019a90 Exception <a 'java/lang/ClassNotFoundException'{0x00000000fc3edf78}: java/lang/constant/ConstantDescBeanInfo> (0x00000000fc3edf78) 
thrown [src/hotspot/share/classfile/systemDictionary.cpp, line 256]
Event: 1.194 Thread 0x00007f56dc019a90 Exception <a 'java/lang/ClassNotFoundException'{0x00000000fc3ef208}: java/lang/constant/ConstantDescCustomizer> (0x00000000fc3ef208) 
thrown [src/hotspot/share/classfile/systemDictionary.cpp, line 256]
Event: 1.196 Thread 0x00007f56dc019a90 Exception <a 'java/lang/ClassNotFoundException'{0x00000000fc42bd80}: org/codehaus/groovy/runtime/InvokerHelperBeanInfo> (0x00000000fc42bd80) 
thrown [src/hotspot/share/classfile/systemDictionary.cpp, line 256]
Event: 1.196 Thread 0x00007f56dc019a90 Exception <a 'java/lang/ClassNotFoundException'{0x00000000fc42dbd0}: org/codehaus/groovy/runtime/InvokerHelperCustomizer> (0x00000000fc42dbd0) 
thrown [src/hotspot/share/classfile/systemDictionary.cpp, line 256]
Event: 1.197 Thread 0x00007f56dc019a90 Exception <a 'java/lang/ClassNotFoundException'{0x00000000fc454f50}: groovy/lang/GroovyObjectBeanInfo> (0x00000000fc454f50) 
thrown [src/hotspot/share/classfile/systemDictionary.cpp, line 256]
Event: 1.197 Thread 0x00007f56dc019a90 Exception <a 'java/lang/ClassNotFoundException'{0x00000000fc456cb0}: groovy/lang/GroovyObjectCustomizer> (0x00000000fc456cb0) 
thrown [src/hotspot/share/classfile/systemDictionary.cpp, line 256]
Event: 1.197 Thread 0x00007f56dc019a90 Exception <a 'java/lang/ClassNotFoundException'{0x00000000fc469e68}: nextflow/ast/LangHelpersBeanInfo> (0x00000000fc469e68) 
thrown [src/hotspot/share/classfile/systemDictionary.cpp, line 256]
Event: 1.197 Thread 0x00007f56dc019a90 Exception <a 'java/lang/ClassNotFoundException'{0x00000000fc46b3d0}: nextflow/ast/LangHelpersCustomizer> (0x00000000fc46b3d0) 
thrown [src/hotspot/share/classfile/systemDictionary.cpp, line 256]
Event: 1.204 Thread 0x00007f56dc019a90 Exception <a 'java/lang/ClassNotFoundException'{0x00000000fc51d348}: nextflow/file/FileHelperBeanInfo> (0x00000000fc51d348) 
thrown [src/hotspot/share/classfile/systemDictionary.cpp, line 256]
Event: 1.204 Thread 0x00007f56dc019a90 Exception <a 'java/lang/ClassNotFoundException'{0x00000000fc51f0a8}: nextflow/file/FileHelperCustomizer> (0x00000000fc51f0a8) 
thrown [src/hotspot/share/classfile/systemDictionary.cpp, line 256]
Event: 1.206 Thread 0x00007f56dc019a90 Exception <a 'java/lang/ClassNotFoundException'{0x00000000fc560750}: groovy/lang/ObjectRangeBeanInfo> (0x00000000fc560750) 
thrown [src/hotspot/share/classfile/systemDictionary.cpp, line 256]
Event: 1.206 Thread 0x00007f56dc019a90 Exception <a 'java/lang/ClassNotFoundException'{0x00000000fc5624b0}: groovy/lang/ObjectRangeCustomizer> (0x00000000fc5624b0) 
thrown [src/hotspot/share/classfile/systemDictionary.cpp, line 256]
Event: 1.208 Thread 0x00007f56dc019a90 Exception <a 'java/lang/ClassNotFoundException'{0x00000000fc5920e0}: org/codehaus/groovy/runtime/StringGroovyMethodsBeanInfo> (0x00000000fc5920e0) 
thrown [src/hotspot/share/classfile/systemDictionary.cpp, line 256]
Event: 1.208 Thread 0x00007f56dc019a90 Exception <a 'java/lang/ClassNotFoundException'{0x00000000fc593fb8}: org/codehaus/groovy/runtime/DefaultGroovyMethodsSupportBeanInfo> (0x00000000fc593fb8) 
thrown [src/hotspot/share/classfile/systemDictionary.cpp, line 256]
Event: 1.208 Thread 0x00007f56dc019a90 Exception <a 'java/lang/ClassNotFoundException'{0x00000000fc595ea8}: org/codehaus/groovy/runtime/DefaultGroovyMethodsSupportCustomizer> (0x00000000fc595ea8) 
thrown [src/hotspot/share/classfile/systemDictionary.cpp, line 256]
Event: 1.208 Thread 0x00007f56dc019a90 Exception <a 'java/lang/ClassNotFoundException'{0x00000000fc59a2d0}: org/codehaus/groovy/runtime/StringGroovyMethodsCustomizer> (0x00000000fc59a2d0) 
thrown [src/hotspot/share/classfile/systemDictionary.cpp, line 256]

VM Operations (20 events):
Event: 1.071 Executing VM operation: HandshakeAllThreads done
Event: 1.077 Executing VM operation: HandshakeAllThreads
Event: 1.077 Executing VM operation: HandshakeAllThreads done
Event: 1.080 Executing VM operation: HandshakeAllThreads
Event: 1.080 Executing VM operation: HandshakeAllThreads done
Event: 1.110 Executing VM operation: HandshakeAllThreads
Event: 1.111 Executing VM operation: HandshakeAllThreads done
Event: 1.119 Executing VM operation: HandshakeAllThreads
Event: 1.119 Executing VM operation: HandshakeAllThreads done
Event: 1.120 Executing VM operation: HandshakeAllThreads
Event: 1.120 Executing VM operation: HandshakeAllThreads done
Event: 1.122 Executing VM operation: HandshakeAllThreads
Event: 1.122 Executing VM operation: HandshakeAllThreads done
Event: 1.133 Executing VM operation: ICBufferFull
Event: 1.133 Executing VM operation: ICBufferFull done
Event: 1.143 Executing VM operation: HandshakeAllThreads
Event: 1.143 Executing VM operation: HandshakeAllThreads done
Event: 1.175 Executing VM operation: HandshakeAllThreads
Event: 1.175 Executing VM operation: HandshakeAllThreads done
Event: 1.298 Executing VM operation: G1CollectForAllocation

Memory protections (18 events):
Event: 0.002 Protecting memory [0x00007f56e2700000,0x00007f56e2704000] with protection modes 0
Event: 0.019 Protecting memory [0x00007f5676899000,0x00007f567689d000] with protection modes 0
Event: 0.019 Protecting memory [0x00007f5676798000,0x00007f567679c000] with protection modes 0
Event: 0.021 Protecting memory [0x00007f5676697000,0x00007f567669b000] with protection modes 0
Event: 0.021 Protecting memory [0x00007f5676596000,0x00007f567659a000] with protection modes 0
Event: 0.021 Protecting memory [0x00007f5676495000,0x00007f5676499000] with protection modes 0
Event: 0.022 Protecting memory [0x00007f5676394000,0x00007f5676398000] with protection modes 0
Event: 0.022 Protecting memory [0x00007f5676293000,0x00007f5676297000] with protection modes 0
Event: 0.025 Protecting memory [0x00007f5676192000,0x00007f5676196000] with protection modes 0
Event: 0.032 Protecting memory [0x00007f5676091000,0x00007f5676095000] with protection modes 0
Event: 0.035 Protecting memory [0x00007f5675f90000,0x00007f5675f94000] with protection modes 0
Event: 0.076 Protecting memory [0x00007f5675d8e000,0x00007f5675d92000] with protection modes 0
Event: 0.137 Protecting memory [0x00007f5675c8d000,0x00007f5675c91000] with protection modes 0
Event: 0.138 Protecting memory [0x00007f5675b8c000,0x00007f5675b90000] with protection modes 0
Event: 0.138 Protecting memory [0x00007f5675a8b000,0x00007f5675a8f000] with protection modes 0
Event: 0.451 Protecting memory [0x00007f5675759000,0x00007f567575d000] with protection modes 0
Event: 0.451 Protecting memory [0x00007f5675658000,0x00007f567565c000] with protection modes 0
Event: 0.451 Protecting memory [0x00007f5675557000,0x00007f567555b000] with protection modes 0

Nmethod flushes (0 events):
No events

Events (18 events):
Event: 0.017 Thread 0x00007f56dc019a90 Thread added: 0x00007f56dc019a90
Event: 0.019 Thread 0x00007f56dc019a90 Thread added: 0x00007f56dc268760
Event: 0.019 Thread 0x00007f56dc019a90 Thread added: 0x00007f56dc269b70
Event: 0.021 Thread 0x00007f56dc019a90 Thread added: 0x00007f56dc26f2a0
Event: 0.021 Thread 0x00007f56dc019a90 Thread added: 0x00007f56dc270680
Event: 0.021 Thread 0x00007f56dc019a90 Thread added: 0x00007f56dc271ac0
Event: 0.022 Thread 0x00007f56dc019a90 Thread added: 0x00007f56dc273140
Event: 0.022 Thread 0x00007f56dc019a90 Thread added: 0x00007f56dc2745d0
Event: 0.025 Thread 0x00007f56dc273140 Thread added: 0x00007f55f40ab9b0
Event: 0.032 Thread 0x00007f56dc019a90 Thread added: 0x00007f56dc2b10f0
Event: 0.035 Thread 0x00007f56dc019a90 Thread added: 0x00007f56dc2b3950
Event: 0.076 Thread 0x00007f55f40ab9b0 Thread added: 0x00007f55ec0037e0
Event: 0.137 Thread 0x00007f55f40ab9b0 Thread added: 0x00007f55ec016750
Event: 0.138 Thread 0x00007f55f40ab9b0 Thread added: 0x00007f55ec017930
Event: 0.138 Thread 0x00007f55f40ab9b0 Thread added: 0x00007f55ec018a50
Event: 0.451 Thread 0x00007f55ec018a50 Thread added: 0x00007f55d80b35a0
Event: 0.451 Thread 0x00007f55ec018a50 Thread added: 0x00007f55d80b4790
Event: 0.451 Thread 0x00007f55ec0037e0 Thread added: 0x00007f55dc0a8e40


Dynamic libraries:
82000000-100000000 rw-p 00000000 00:00 0 
100000000-7fe000000 ---p 00000000 00:00 0 
7fe000000-7fef00000 rw-p 00000000 00:00 0 
7fef00000-7fef75000 rw-p 00c78000 fd:03 9820078555                       /home/paifb01/miniconda3/envs/nf-core/lib/jvm/lib/server/classes.jsa
7fef75000-7ff000000 rw-p 00000000 00:00 0 
7ff000000-7ff077000 rw-p 00c01000 fd:03 9820078555                       /home/paifb01/miniconda3/envs/nf-core/lib/jvm/lib/server/classes.jsa
7ff077000-800000000 rw-p 00000000 00:00 0 
555b16254000-555b16255000 r--p 00000000 fd:03 13469560609                /home/paifb01/miniconda3/envs/nf-core/lib/jvm/bin/java
555b16255000-555b16256000 r-xp 00001000 fd:03 13469560609                /home/paifb01/miniconda3/envs/nf-core/lib/jvm/bin/java
555b16256000-555b16257000 r--p 00002000 fd:03 13469560609                /home/paifb01/miniconda3/envs/nf-core/lib/jvm/bin/java
555b16257000-555b16258000 r--p 00002000 fd:03 13469560609                /home/paifb01/miniconda3/envs/nf-core/lib/jvm/bin/java
555b16258000-555b16259000 rw-p 00003000 fd:03 13469560609                /home/paifb01/miniconda3/envs/nf-core/lib/jvm/bin/java
555b16c5d000-555b16ca4000 rw-p 00000000 00:00 0                          [heap]
7f551c000000-7f551c021000 rw-p 00000000 00:00 0 
7f551c021000-7f5520000000 ---p 00000000 00:00 0 
7f5524000000-7f5524021000 rw-p 00000000 00:00 0 
7f5524021000-7f5528000000 ---p 00000000 00:00 0 
7f5528000000-7f5528021000 rw-p 00000000 00:00 0 
7f5528021000-7f552c000000 ---p 00000000 00:00 0 
7f552c000000-7f552c021000 rw-p 00000000 00:00 0 
7f552c021000-7f5530000000 ---p 00000000 00:00 0 
7f5530000000-7f5530021000 rw-p 00000000 00:00 0 
7f5530021000-7f5534000000 ---p 00000000 00:00 0 
7f5534000000-7f5534021000 rw-p 00000000 00:00 0 
7f5534021000-7f5538000000 ---p 00000000 00:00 0 
7f5538000000-7f5538021000 rw-p 00000000 00:00 0 
7f5538021000-7f553c000000 ---p 00000000 00:00 0 
7f553c000000-7f553c021000 rw-p 00000000 00:00 0 
7f553c021000-7f5540000000 ---p 00000000 00:00 0 
7f5540000000-7f5540021000 rw-p 00000000 00:00 0 
7f5540021000-7f5544000000 ---p 00000000 00:00 0 
7f5544000000-7f5544021000 rw-p 00000000 00:00 0 
7f5544021000-7f5548000000 ---p 00000000 00:00 0 
7f5548000000-7f5548021000 rw-p 00000000 00:00 0 
7f5548021000-7f554c000000 ---p 00000000 00:00 0 
7f554c000000-7f554c021000 rw-p 00000000 00:00 0 
7f554c021000-7f5550000000 ---p 00000000 00:00 0 
7f5550000000-7f5550021000 rw-p 00000000 00:00 0 
7f5550021000-7f5554000000 ---p 00000000 00:00 0 
7f5554000000-7f5554021000 rw-p 00000000 00:00 0 
7f5554021000-7f5558000000 ---p 00000000 00:00 0 
7f5558000000-7f5558021000 rw-p 00000000 00:00 0 
7f5558021000-7f555c000000 ---p 00000000 00:00 0 
7f555c000000-7f555c021000 rw-p 00000000 00:00 0 
7f555c021000-7f5560000000 ---p 00000000 00:00 0 
7f5560000000-7f5560021000 rw-p 00000000 00:00 0 
7f5560021000-7f5564000000 ---p 00000000 00:00 0 
7f5564000000-7f5564021000 rw-p 00000000 00:00 0 
7f5564021000-7f5568000000 ---p 00000000 00:00 0 
7f5568000000-7f5568021000 rw-p 00000000 00:00 0 
7f5568021000-7f556c000000 ---p 00000000 00:00 0 
7f556c000000-7f556c021000 rw-p 00000000 00:00 0 
7f556c021000-7f5570000000 ---p 00000000 00:00 0 
7f5570000000-7f5570021000 rw-p 00000000 00:00 0 
7f5570021000-7f5574000000 ---p 00000000 00:00 0 
7f5574000000-7f5574021000 rw-p 00000000 00:00 0 
7f5574021000-7f5578000000 ---p 00000000 00:00 0 
7f5578000000-7f5578021000 rw-p 00000000 00:00 0 
7f5578021000-7f557c000000 ---p 00000000 00:00 0 
7f557c000000-7f557c021000 rw-p 00000000 00:00 0 
7f557c021000-7f5580000000 ---p 00000000 00:00 0 
7f5580000000-7f5580021000 rw-p 00000000 00:00 0 
7f5580021000-7f5584000000 ---p 00000000 00:00 0 
7f5584000000-7f5584021000 rw-p 00000000 00:00 0 
7f5584021000-7f5588000000 ---p 00000000 00:00 0 
7f5588000000-7f5588021000 rw-p 00000000 00:00 0 
7f5588021000-7f558c000000 ---p 00000000 00:00 0 
7f558c000000-7f558c021000 rw-p 00000000 00:00 0 
7f558c021000-7f5590000000 ---p 00000000 00:00 0 
7f5590000000-7f5590021000 rw-p 00000000 00:00 0 
7f5590021000-7f5594000000 ---p 00000000 00:00 0 
7f5594000000-7f5594021000 rw-p 00000000 00:00 0 
7f5594021000-7f5598000000 ---p 00000000 00:00 0 
7f5598000000-7f5598021000 rw-p 00000000 00:00 0 
7f5598021000-7f559c000000 ---p 00000000 00:00 0 
7f559c000000-7f559c021000 rw-p 00000000 00:00 0 
7f559c021000-7f55a0000000 ---p 00000000 00:00 0 
7f55a0000000-7f55a0021000 rw-p 00000000 00:00 0 
7f55a0021000-7f55a4000000 ---p 00000000 00:00 0 
7f55a4000000-7f55a4021000 rw-p 00000000 00:00 0 
7f55a4021000-7f55a8000000 ---p 00000000 00:00 0 
7f55a8000000-7f55a8021000 rw-p 00000000 00:00 0 
7f55a8021000-7f55ac000000 ---p 00000000 00:00 0 
7f55ac000000-7f55ac021000 rw-p 00000000 00:00 0 
7f55ac021000-7f55b0000000 ---p 00000000 00:00 0 
7f55b0000000-7f55b0021000 rw-p 00000000 00:00 0 
7f55b0021000-7f55b4000000 ---p 00000000 00:00 0 
7f55b4000000-7f55b4021000 rw-p 00000000 00:00 0 
7f55b4021000-7f55b8000000 ---p 00000000 00:00 0 
7f55b8000000-7f55b8021000 rw-p 00000000 00:00 0 
7f55b8021000-7f55bc000000 ---p 00000000 00:00 0 
7f55bc000000-7f55bc021000 rw-p 00000000 00:00 0 
7f55bc021000-7f55c0000000 ---p 00000000 00:00 0 
7f55c0000000-7f55c0021000 rw-p 00000000 00:00 0 
7f55c0021000-7f55c4000000 ---p 00000000 00:00 0 
7f55c4000000-7f55c4037000 rw-p 00000000 00:00 0 
7f55c4037000-7f55c8000000 ---p 00000000 00:00 0 
7f55c8000000-7f55c8021000 rw-p 00000000 00:00 0 
7f55c8021000-7f55cc000000 ---p 00000000 00:00 0 
7f55cc000000-7f55cc040000 rw-p 00000000 00:00 0 
7f55cc040000-7f55d0000000 ---p 00000000 00:00 0 
7f55d0000000-7f55d003d000 rw-p 00000000 00:00 0 
7f55d003d000-7f55d4000000 ---p 00000000 00:00 0 
7f55d4000000-7f55d41c3000 rw-p 00000000 00:00 0 
7f55d41c3000-7f55d8000000 ---p 00000000 00:00 0 
7f55d8000000-7f55d80c5000 rw-p 00000000 00:00 0 
7f55d80c5000-7f55dc000000 ---p 00000000 00:00 0 
7f55dc000000-7f55dc0fe000 rw-p 00000000 00:00 0 
7f55dc0fe000-7f55e0000000 ---p 00000000 00:00 0 
7f55e0000000-7f55e00bd000 rw-p 00000000 00:00 0 
7f55e00bd000-7f55e4000000 ---p 00000000 00:00 0 
7f55e4000000-7f55e4021000 rw-p 00000000 00:00 0 
7f55e4021000-7f55e8000000 ---p 00000000 00:00 0 
7f55e8000000-7f55e8021000 rw-p 00000000 00:00 0 
7f55e8021000-7f55ec000000 ---p 00000000 00:00 0 
7f55ec000000-7f55ec112000 rw-p 00000000 00:00 0 
7f55ec112000-7f55f0000000 ---p 00000000 00:00 0 
7f55f0000000-7f55f0021000 rw-p 00000000 00:00 0 
7f55f0021000-7f55f4000000 ---p 00000000 00:00 0 
7f55f4000000-7f55f41dc000 rw-p 00000000 00:00 0 
7f55f41dc000-7f55f8000000 ---p 00000000 00:00 0 
7f55f8000000-7f55f8021000 rw-p 00000000 00:00 0 
7f55f8021000-7f55fc000000 ---p 00000000 00:00 0 
7f55fc000000-7f55fc021000 rw-p 00000000 00:00 0 
7f55fc021000-7f5600000000 ---p 00000000 00:00 0 
7f5600000000-7f5600021000 rw-p 00000000 00:00 0 
7f5600021000-7f5604000000 ---p 00000000 00:00 0 
7f5604000000-7f5604021000 rw-p 00000000 00:00 0 
7f5604021000-7f5608000000 ---p 00000000 00:00 0 
7f560aa00000-7f5617f30000 r--p 00000000 fd:00 16779725                   /usr/lib/locale/locale-archive
7f5618000000-7f5618021000 rw-p 00000000 00:00 0 
7f5618021000-7f561c000000 ---p 00000000 00:00 0 
7f561c000000-7f561c021000 rw-p 00000000 00:00 0 
7f561c021000-7f5620000000 ---p 00000000 00:00 0 
7f5620000000-7f5620038000 rw-p 00000000 00:00 0 
7f5620038000-7f5624000000 ---p 00000000 00:00 0 
7f56257a3000-7f5625aeb000 rw-p 00000000 00:00 0 
7f5625aeb000-7f5625aec000 ---p 00000000 00:00 0 
7f5625aec000-7f5625bec000 rw-p 00000000 00:00 0 
7f5625bec000-7f5625bed000 ---p 00000000 00:00 0 
7f5625bed000-7f5625ced000 rw-p 00000000 00:00 0 
7f5625ced000-7f5625cee000 ---p 00000000 00:00 0 
7f5625cee000-7f5625dee000 rw-p 00000000 00:00 0 
7f5625dee000-7f5625def000 ---p 00000000 00:00 0 
7f5625def000-7f5625eef000 rw-p 00000000 00:00 0 
7f5625eef000-7f5625ef0000 ---p 00000000 00:00 0 
7f5625ef0000-7f5625ff0000 rw-p 00000000 00:00 0 
7f5625ff0000-7f5625ff1000 ---p 00000000 00:00 0 
7f5625ff1000-7f56260f1000 rw-p 00000000 00:00 0 
7f56260f1000-7f56260f2000 ---p 00000000 00:00 0 
7f56260f2000-7f56261f2000 rw-p 00000000 00:00 0 
7f56261f2000-7f56261f3000 ---p 00000000 00:00 0 
7f56261f3000-7f56262f3000 rw-p 00000000 00:00 0 
7f56262f3000-7f56262f4000 ---p 00000000 00:00 0 
7f56262f4000-7f56263f4000 rw-p 00000000 00:00 0 
7f56263f4000-7f56263f5000 ---p 00000000 00:00 0 
7f56263f5000-7f56264f5000 rw-p 00000000 00:00 0 
7f56264f5000-7f56264f6000 ---p 00000000 00:00 0 
7f56264f6000-7f56265f6000 rw-p 00000000 00:00 0 
7f56265f6000-7f56265f7000 ---p 00000000 00:00 0 
7f56265f7000-7f56266f7000 rw-p 00000000 00:00 0 
7f56266f7000-7f56266f8000 ---p 00000000 00:00 0 
7f56266f8000-7f56267f8000 rw-p 00000000 00:00 0 
7f56267f8000-7f56267f9000 ---p 00000000 00:00 0 
7f56267f9000-7f56268f9000 rw-p 00000000 00:00 0 
7f56268f9000-7f56268fa000 ---p 00000000 00:00 0 
7f56268fa000-7f56269fa000 rw-p 00000000 00:00 0 
7f56269fa000-7f56269fb000 ---p 00000000 00:00 0 
7f56269fb000-7f5626afb000 rw-p 00000000 00:00 0 
7f5626afb000-7f5626afc000 ---p 00000000 00:00 0 
7f5626afc000-7f5626bfc000 rw-p 00000000 00:00 0 
7f5626bfc000-7f5626bfd000 ---p 00000000 00:00 0 
7f5626bfd000-7f5626cfd000 rw-p 00000000 00:00 0 
7f5626cfd000-7f5626cfe000 ---p 00000000 00:00 0 
7f5626cfe000-7f5626dfe000 rw-p 00000000 00:00 0 
7f5626dfe000-7f5626dff000 ---p 00000000 00:00 0 
7f5626dff000-7f5626eff000 rw-p 00000000 00:00 0 
7f5626eff000-7f5626f00000 ---p 00000000 00:00 0 
7f5626f00000-7f5627000000 rw-p 00000000 00:00 0 
7f5627000000-7f5627bc9000 rw-p 00001000 fd:03 9820078555                 /home/paifb01/miniconda3/envs/nf-core/lib/jvm/lib/server/classes.jsa
7f5627bc9000-7f5628000000 ---p 00000000 00:00 0 
7f5628000000-7f5628040000 rw-p 00000000 00:00 0 
7f5628040000-7f5628080000 rw-p 00000000 00:00 0 
7f5628080000-7f56280c0000 rw-p 00000000 00:00 0 
7f56280c0000-7f5628100000 rw-p 00000000 00:00 0 
7f5628100000-7f5628260000 rw-p 00000000 00:00 0 
7f5628260000-7f5628270000 rw-p 00000000 00:00 0 
7f5628270000-7f5628280000 ---p 00000000 00:00 0 
7f5628280000-7f56282c0000 rw-p 00000000 00:00 0 
7f56282c0000-7f5668000000 ---p 00000000 00:00 0 
7f5668000000-7f5668021000 rw-p 00000000 00:00 0 
7f5668021000-7f566c000000 ---p 00000000 00:00 0 
7f566c000000-7f566c390000 rw-p 00000000 00:00 0 
7f566c390000-7f566c400000 ---p 00000000 00:00 0 
7f566c400000-7f566cfb0000 rw-p 00000000 00:00 0 
7f566cfb0000-7f5670000000 ---p 00000000 00:00 0 
7f5670000000-7f5670021000 rw-p 00000000 00:00 0 
7f5670021000-7f5674000000 ---p 00000000 00:00 0 
7f5674041000-7f5674042000 ---p 00000000 00:00 0 
7f5674042000-7f5674142000 rw-p 00000000 00:00 0 
7f5674142000-7f5674143000 ---p 00000000 00:00 0 
7f5674143000-7f5674243000 rw-p 00000000 00:00 0 
7f5674243000-7f5674244000 ---p 00000000 00:00 0 
7f5674244000-7f5674344000 rw-p 00000000 00:00 0 
7f5674344000-7f5674345000 ---p 00000000 00:00 0 
7f5674345000-7f5674445000 rw-p 00000000 00:00 0 
7f5674445000-7f5674446000 ---p 00000000 00:00 0 
7f5674446000-7f5674546000 rw-p 00000000 00:00 0 
7f5674546000-7f5674547000 ---p 00000000 00:00 0 
7f5674547000-7f5674647000 rw-p 00000000 00:00 0 
7f5674647000-7f5674648000 ---p 00000000 00:00 0 
7f5674648000-7f5674748000 rw-p 00000000 00:00 0 
7f5674748000-7f5674749000 ---p 00000000 00:00 0 
7f5674749000-7f5674849000 rw-p 00000000 00:00 0 
7f5674849000-7f567484a000 ---p 00000000 00:00 0 
7f567484a000-7f567494a000 rw-p 00000000 00:00 0 
7f567494a000-7f567494b000 ---p 00000000 00:00 0 
7f567494b000-7f5674a4b000 rw-p 00000000 00:00 0 
7f5674a4b000-7f5674a4c000 ---p 00000000 00:00 0 
7f5674a4c000-7f5674b4c000 rw-p 00000000 00:00 0 
7f5674b4c000-7f5674b4d000 ---p 00000000 00:00 0 
7f5674b4d000-7f5674c4d000 rw-p 00000000 00:00 0 
7f5674c4d000-7f5674c4e000 ---p 00000000 00:00 0 
7f5674c4e000-7f5674d4e000 rw-p 00000000 00:00 0 
7f5674d4e000-7f5674d4f000 ---p 00000000 00:00 0 
7f5674d4f000-7f5674e4f000 rw-p 00000000 00:00 0 
7f5674e4f000-7f5674e50000 ---p 00000000 00:00 0 
7f5674e50000-7f5674f50000 rw-p 00000000 00:00 0 
7f5674f50000-7f5674f51000 ---p 00000000 00:00 0 
7f5674f51000-7f5675051000 rw-p 00000000 00:00 0 
7f5675051000-7f5675052000 ---p 00000000 00:00 0 
7f5675052000-7f5675152000 rw-p 00000000 00:00 0 
7f5675152000-7f5675153000 ---p 00000000 00:00 0 
7f5675153000-7f5675253000 rw-p 00000000 00:00 0 
7f5675253000-7f5675254000 ---p 00000000 00:00 0 
7f5675254000-7f5675354000 rw-p 00000000 00:00 0 
7f5675354000-7f5675355000 ---p 00000000 00:00 0 
7f5675355000-7f5675455000 rw-p 00000000 00:00 0 
7f5675455000-7f5675456000 ---p 00000000 00:00 0 
7f5675456000-7f5675556000 rw-p 00000000 00:00 0 
7f5675556000-7f5675557000 ---p 00000000 00:00 0 
7f5675557000-7f567555b000 ---p 00000000 00:00 0 
7f567555b000-7f5675657000 rw-p 00000000 00:00 0 
7f5675657000-7f5675658000 ---p 00000000 00:00 0 
7f5675658000-7f567565c000 ---p 00000000 00:00 0 
7f567565c000-7f5675758000 rw-p 00000000 00:00 0 
7f5675758000-7f5675759000 ---p 00000000 00:00 0 
7f5675759000-7f567575d000 ---p 00000000 00:00 0 
7f567575d000-7f5675a8a000 rw-p 00000000 00:00 0 
7f5675a8a000-7f5675a8b000 ---p 00000000 00:00 0 
7f5675a8b000-7f5675a8f000 ---p 00000000 00:00 0 
7f5675a8f000-7f5675b8b000 rw-p 00000000 00:00 0 
7f5675b8b000-7f5675b8c000 ---p 00000000 00:00 0 
7f5675b8c000-7f5675b90000 ---p 00000000 00:00 0 
7f5675b90000-7f5675c8c000 rw-p 00000000 00:00 0 
7f5675c8c000-7f5675c8d000 ---p 00000000 00:00 0 
7f5675c8d000-7f5675c91000 ---p 00000000 00:00 0 
7f5675c91000-7f5675d8d000 rw-p 00000000 00:00 0 
7f5675d8d000-7f5675d8e000 ---p 00000000 00:00 0 
7f5675d8e000-7f5675d92000 ---p 00000000 00:00 0 
7f5675d92000-7f5675e8e000 rw-p 00000000 00:00 0 
7f5675e8e000-7f5675e8f000 ---p 00000000 00:00 0 
7f5675e8f000-7f5675f8f000 rw-p 00000000 00:00 0 
7f5675f8f000-7f5675f90000 ---p 00000000 00:00 0 
7f5675f90000-7f5675f94000 ---p 00000000 00:00 0 
7f5675f94000-7f5676090000 rw-p 00000000 00:00 0 
7f5676090000-7f5676091000 ---p 00000000 00:00 0 
7f5676091000-7f5676095000 ---p 00000000 00:00 0 
7f5676095000-7f5676191000 rw-p 00000000 00:00 0 
7f5676191000-7f5676192000 ---p 00000000 00:00 0 
7f5676192000-7f5676196000 ---p 00000000 00:00 0 
7f5676196000-7f5676292000 rw-p 00000000 00:00 0 
7f5676292000-7f5676293000 ---p 00000000 00:00 0 
7f5676293000-7f5676297000 ---p 00000000 00:00 0 
7f5676297000-7f5676393000 rw-p 00000000 00:00 0 
7f5676393000-7f5676394000 ---p 00000000 00:00 0 
7f5676394000-7f5676398000 ---p 00000000 00:00 0 
7f5676398000-7f5676494000 rw-p 00000000 00:00 0 
7f5676494000-7f5676495000 ---p 00000000 00:00 0 
7f5676495000-7f5676499000 ---p 00000000 00:00 0 
7f5676499000-7f5676595000 rw-p 00000000 00:00 0 
7f5676595000-7f5676596000 ---p 00000000 00:00 0 
7f5676596000-7f567659a000 ---p 00000000 00:00 0 
7f567659a000-7f5676696000 rw-p 00000000 00:00 0 
7f5676696000-7f5676697000 ---p 00000000 00:00 0 
7f5676697000-7f567669b000 ---p 00000000 00:00 0 
7f567669b000-7f5676797000 rw-p 00000000 00:00 0 
7f5676797000-7f5676798000 ---p 00000000 00:00 0 
7f5676798000-7f567679c000 ---p 00000000 00:00 0 
7f567679c000-7f5676898000 rw-p 00000000 00:00 0 
7f5676898000-7f5676899000 ---p 00000000 00:00 0 
7f5676899000-7f567689d000 ---p 00000000 00:00 0 
7f567689d000-7f5676999000 rw-p 00000000 00:00 0 
7f5676999000-7f567699a000 ---p 00000000 00:00 0 
7f567699a000-7f5676a9a000 rw-p 00000000 00:00 0 
7f5676a9a000-7f5676a9f000 r--p 00000000 fd:03 13731159389                /home/paifb01/miniconda3/envs/nf-core/lib/jvm/lib/libjsvml.so
7f5676a9f000-7f5676ae0000 r-xp 00005000 fd:03 13731159389                /home/paifb01/miniconda3/envs/nf-core/lib/jvm/lib/libjsvml.so
7f5676ae0000-7f5676b69000 r--p 00046000 fd:03 13731159389                /home/paifb01/miniconda3/envs/nf-core/lib/jvm/lib/libjsvml.so
7f5676b69000-7f5676b6a000 r--p 000ce000 fd:03 13731159389                /home/paifb01/miniconda3/envs/nf-core/lib/jvm/lib/libjsvml.so
7f5676b6a000-7f5676b6b000 rw-p 000cf000 fd:03 13731159389                /home/paifb01/miniconda3/envs/nf-core/lib/jvm/lib/libjsvml.so
7f5676b6b000-7f5676bec000 rw-p 00000000 00:00 0 
7f5676bec000-7f5676bed000 ---p 00000000 00:00 0 
7f5676bed000-7f5676ced000 rw-p 00000000 00:00 0 
7f5676ced000-7f5676cee000 ---p 00000000 00:00 0 
7f5676cee000-7f5678000000 rw-p 00000000 00:00 0 
7f5678000000-7f5678021000 rw-p 00000000 00:00 0 
7f5678021000-7f567c000000 ---p 00000000 00:00 0 
7f567c000000-7f567c021000 rw-p 00000000 00:00 0 
7f567c021000-7f5680000000 ---p 00000000 00:00 0 
7f5680000000-7f5680021000 rw-p 00000000 00:00 0 
7f5680021000-7f5684000000 ---p 00000000 00:00 0 
7f568403b000-7f56879af000 rw-p 00000000 00:00 0 
7f56879af000-7f56879b0000 ---p 00000000 00:00 0 
7f56879b0000-7f5687ab0000 rw-p 00000000 00:00 0 
7f5687ab0000-7f5687ab1000 ---p 00000000 00:00 0 
7f5687ab1000-7f5687bb1000 rw-p 00000000 00:00 0 
7f5687bb1000-7f5687bb2000 ---p 00000000 00:00 0 
7f5687bb2000-7f5689e8e000 rw-p 00000000 00:00 0 
7f5689e8e000-7f56a5e0e000 ---p 00000000 00:00 0 
7f56a5e0e000-7f56a7e0e000 rw-p 00000000 00:00 0 
7f56a7e0e000-7f56c3d8e000 ---p 00000000 00:00 0 
7f56c3d8e000-7f56c41fe000 rw-p 00000000 00:00 0 
7f56c41fe000-7f56c79ee000 ---p 00000000 00:00 0 
7f56c79ee000-7f56c7dee000 rw-p 00000000 00:00 0 
7f56c7dee000-7f56cb5de000 ---p 00000000 00:00 0 
7f56cb5de000-7f56cb9de000 rw-p 00000000 00:00 0 
7f56cb9de000-7f56cf1ce000 ---p 00000000 00:00 0 
7f56cf1ce000-7f56d1400000 rw-p 00000000 00:00 0 
7f56d1400000-7f56d2020000 rwxp 00000000 00:00 0 
7f56d2020000-7f56d4400000 ---p 00000000 00:00 0 
7f56d4400000-7f56dbe92000 r--s 00000000 fd:03 4600398828                 /home/paifb01/miniconda3/envs/nf-core/lib/jvm/lib/modules
7f56dbebe000-7f56dc000000 rw-p 00000000 00:00 0 
7f56dc000000-7f56dc909000 rw-p 00000000 00:00 0 
7f56dc909000-7f56e0000000 ---p 00000000 00:00 0 
7f56e0009000-7f56e0800000 rw-p 00000000 00:00 0 
7f56e0800000-7f56e10d4000 r--s 00000000 fd:02 134227286                  /var/lib/sss/mc/passwd
7f56e1105000-7f56e110c000 r--s 00000000 fd:00 313926                     /usr/lib64/gconv/gconv-modules.cache
7f56e110c000-7f56e1111000 r--p 00000000 fd:03 13731159377                /home/paifb01/miniconda3/envs/nf-core/lib/jvm/lib/libverify.so
7f56e1111000-7f56e1118000 r-xp 00005000 fd:03 13731159377                /home/paifb01/miniconda3/envs/nf-core/lib/jvm/lib/libverify.so
7f56e1118000-7f56e111a000 r--p 0000c000 fd:03 13731159377                /home/paifb01/miniconda3/envs/nf-core/lib/jvm/lib/libverify.so
7f56e111a000-7f56e111c000 r--p 0000d000 fd:03 13731159377                /home/paifb01/miniconda3/envs/nf-core/lib/jvm/lib/libverify.so
7f56e111c000-7f56e111d000 rw-p 0000f000 fd:03 13731159377                /home/paifb01/miniconda3/envs/nf-core/lib/jvm/lib/libverify.so
7f56e111d000-7f56e121e000 rw-p 00000000 00:00 0 
7f56e121e000-7f56e12c7000 r--p 00000000 fd:03 4841200222                 /home/paifb01/miniconda3/envs/nf-core/lib/libstdc++.so.6.0.33
7f56e12c7000-7f56e1367000 r-xp 000a9000 fd:03 4841200222                 /home/paifb01/miniconda3/envs/nf-core/lib/libstdc++.so.6.0.33
7f56e1367000-7f56e13ed000 r--p 00149000 fd:03 4841200222                 /home/paifb01/miniconda3/envs/nf-core/lib/libstdc++.so.6.0.33
7f56e13ed000-7f56e13f8000 r--p 001cf000 fd:03 4841200222                 /home/paifb01/miniconda3/envs/nf-core/lib/libstdc++.so.6.0.33
7f56e13f8000-7f56e13fc000 rw-p 001da000 fd:03 4841200222                 /home/paifb01/miniconda3/envs/nf-core/lib/libstdc++.so.6.0.33
7f56e13fc000-7f56e1400000 rw-p 00000000 00:00 0 
7f56e1400000-7f56e1646000 r--p 00000000 fd:03 9820078535                 /home/paifb01/miniconda3/envs/nf-core/lib/jvm/lib/server/libjvm.so
7f56e1646000-7f56e2304000 r-xp 00246000 fd:03 9820078535                 /home/paifb01/miniconda3/envs/nf-core/lib/jvm/lib/server/libjvm.so
7f56e2304000-7f56e2539000 r--p 00f04000 fd:03 9820078535                 /home/paifb01/miniconda3/envs/nf-core/lib/jvm/lib/server/libjvm.so
7f56e2539000-7f56e25ed000 r--p 01138000 fd:03 9820078535                 /home/paifb01/miniconda3/envs/nf-core/lib/jvm/lib/server/libjvm.so
7f56e25ed000-7f56e2622000 rw-p 011ec000 fd:03 9820078535                 /home/paifb01/miniconda3/envs/nf-core/lib/jvm/lib/server/libjvm.so
7f56e2622000-7f56e267c000 rw-p 00000000 00:00 0 
7f56e267d000-7f56e2680000 r--p 00000000 fd:03 13731159392                /home/paifb01/miniconda3/envs/nf-core/lib/jvm/lib/libzip.so
7f56e2680000-7f56e2684000 r-xp 00003000 fd:03 13731159392                /home/paifb01/miniconda3/envs/nf-core/lib/jvm/lib/libzip.so
7f56e2684000-7f56e2686000 r--p 00007000 fd:03 13731159392                /home/paifb01/miniconda3/envs/nf-core/lib/jvm/lib/libzip.so
7f56e2686000-7f56e2687000 r--p 00008000 fd:03 13731159392                /home/paifb01/miniconda3/envs/nf-core/lib/jvm/lib/libzip.so
7f56e2687000-7f56e2688000 rw-p 00009000 fd:03 13731159392                /home/paifb01/miniconda3/envs/nf-core/lib/jvm/lib/libzip.so
7f56e2688000-7f56e2700000 rw-p 00000000 00:00 0 
7f56e2700000-7f56e2704000 ---p 00000000 00:00 0 
7f56e2704000-7f56e2800000 rw-p 00000000 00:00 0 
7f56e2800000-7f56e2828000 r--p 00000000 fd:00 17986402                   /usr/lib64/libc.so.6
7f56e2828000-7f56e299d000 r-xp 00028000 fd:00 17986402                   /usr/lib64/libc.so.6
7f56e299d000-7f56e29f5000 r--p 0019d000 fd:00 17986402                   /usr/lib64/libc.so.6
7f56e29f5000-7f56e29f6000 ---p 001f5000 fd:00 17986402                   /usr/lib64/libc.so.6
7f56e29f6000-7f56e29fa000 r--p 001f5000 fd:00 17986402                   /usr/lib64/libc.so.6
7f56e29fa000-7f56e29fc000 rw-p 001f9000 fd:00 17986402                   /usr/lib64/libc.so.6
7f56e29fc000-7f56e2a09000 rw-p 00000000 00:00 0 
7f56e2a0b000-7f56e2a0f000 r--p 00000000 fd:03 13731159257                /home/paifb01/miniconda3/envs/nf-core/lib/jvm/lib/libnet.so
7f56e2a0f000-7f56e2a1e000 r-xp 00004000 fd:03 13731159257                /home/paifb01/miniconda3/envs/nf-core/lib/jvm/lib/libnet.so
7f56e2a1e000-7f56e2a22000 r--p 00013000 fd:03 13731159257                /home/paifb01/miniconda3/envs/nf-core/lib/jvm/lib/libnet.so
7f56e2a22000-7f56e2a23000 r--p 00016000 fd:03 13731159257                /home/paifb01/miniconda3/envs/nf-core/lib/jvm/lib/libnet.so
7f56e2a23000-7f56e2a24000 rw-p 00017000 fd:03 13731159257                /home/paifb01/miniconda3/envs/nf-core/lib/jvm/lib/libnet.so
7f56e2a24000-7f56e2a2c000 r--p 00000000 fd:03 13731159290                /home/paifb01/miniconda3/envs/nf-core/lib/jvm/lib/libnio.so
7f56e2a2c000-7f56e2a35000 r-xp 00008000 fd:03 13731159290                /home/paifb01/miniconda3/envs/nf-core/lib/jvm/lib/libnio.so
7f56e2a35000-7f56e2a39000 r--p 00011000 fd:03 13731159290                /home/paifb01/miniconda3/envs/nf-core/lib/jvm/lib/libnio.so
7f56e2a39000-7f56e2a3a000 r--p 00015000 fd:03 13731159290                /home/paifb01/miniconda3/envs/nf-core/lib/jvm/lib/libnio.so
7f56e2a3a000-7f56e2a3b000 rw-p 00016000 fd:03 13731159290                /home/paifb01/miniconda3/envs/nf-core/lib/jvm/lib/libnio.so
7f56e2a3b000-7f56e2a54000 rw-p 00000000 00:00 0 
7f56e2a54000-7f56e2a9b000 ---p 00000000 00:00 0 
7f56e2a9b000-7f56e2aa9000 r--p 00000000 fd:03 13731159295                /home/paifb01/miniconda3/envs/nf-core/lib/jvm/lib/libjava.so
7f56e2aa9000-7f56e2abb000 r-xp 0000e000 fd:03 13731159295                /home/paifb01/miniconda3/envs/nf-core/lib/jvm/lib/libjava.so
7f56e2abb000-7f56e2ac1000 r--p 00020000 fd:03 13731159295                /home/paifb01/miniconda3/envs/nf-core/lib/jvm/lib/libjava.so
7f56e2ac1000-7f56e2ac2000 r--p 00025000 fd:03 13731159295                /home/paifb01/miniconda3/envs/nf-core/lib/jvm/lib/libjava.so
7f56e2ac2000-7f56e2ac3000 rw-p 00026000 fd:03 13731159295                /home/paifb01/miniconda3/envs/nf-core/lib/jvm/lib/libjava.so
7f56e2ac3000-7f56e2ac4000 rw-p 00000000 00:00 0 
7f56e2ac4000-7f56e2ac6000 r--p 00000000 fd:00 17352386                   /usr/lib64/libnss_sss.so.2
7f56e2ac6000-7f56e2ace000 r-xp 00002000 fd:00 17352386                   /usr/lib64/libnss_sss.so.2
7f56e2ace000-7f56e2ad0000 r--p 0000a000 fd:00 17352386                   /usr/lib64/libnss_sss.so.2
7f56e2ad0000-7f56e2ad1000 r--p 0000b000 fd:00 17352386                   /usr/lib64/libnss_sss.so.2
7f56e2ad1000-7f56e2ad2000 rw-p 0000c000 fd:00 17352386                   /usr/lib64/libnss_sss.so.2
7f56e2ad6000-7f56e2ade000 rw-s 00000000 fd:00 33688522                   /tmp/hsperfdata_paifb01/1101019
7f56e2ade000-7f56e2ae2000 r--p 00000000 fd:03 9326017949                 /home/paifb01/miniconda3/envs/nf-core/lib/libgcc_s.so.1
7f56e2ae2000-7f56e2af7000 r-xp 00004000 fd:03 9326017949                 /home/paifb01/miniconda3/envs/nf-core/lib/libgcc_s.so.1
7f56e2af7000-7f56e2afb000 r--p 00019000 fd:03 9326017949                 /home/paifb01/miniconda3/envs/nf-core/lib/libgcc_s.so.1
7f56e2afb000-7f56e2afc000 r--p 0001c000 fd:03 9326017949                 /home/paifb01/miniconda3/envs/nf-core/lib/libgcc_s.so.1
7f56e2afc000-7f56e2afd000 rw-p 0001d000 fd:03 9326017949                 /home/paifb01/miniconda3/envs/nf-core/lib/libgcc_s.so.1
7f56e2afd000-7f56e2b0a000 r--p 00000000 fd:00 17986406                   /usr/lib64/libm.so.6
7f56e2b0a000-7f56e2b7a000 r-xp 0000d000 fd:00 17986406                   /usr/lib64/libm.so.6
7f56e2b7a000-7f56e2bd6000 r--p 0007d000 fd:00 17986406                   /usr/lib64/libm.so.6
7f56e2bd6000-7f56e2bd7000 r--p 000d8000 fd:00 17986406                   /usr/lib64/libm.so.6
7f56e2bd7000-7f56e2bd8000 rw-p 000d9000 fd:00 17986406                   /usr/lib64/libm.so.6
7f56e2bd8000-7f56e2bd9000 r--p 00000000 fd:00 17986415                   /usr/lib64/librt.so.1
7f56e2bd9000-7f56e2bda000 r-xp 00001000 fd:00 17986415                   /usr/lib64/librt.so.1
7f56e2bda000-7f56e2bdb000 r--p 00002000 fd:00 17986415                   /usr/lib64/librt.so.1
7f56e2bdb000-7f56e2bdc000 r--p 00002000 fd:00 17986415                   /usr/lib64/librt.so.1
7f56e2bdc000-7f56e2bdd000 rw-p 00003000 fd:00 17986415                   /usr/lib64/librt.so.1
7f56e2bdd000-7f56e2bdf000 rw-p 00000000 00:00 0 
7f56e2bdf000-7f56e2be0000 r--p 00000000 fd:00 17986412                   /usr/lib64/libpthread.so.0
7f56e2be0000-7f56e2be1000 r-xp 00001000 fd:00 17986412                   /usr/lib64/libpthread.so.0
7f56e2be1000-7f56e2be2000 r--p 00002000 fd:00 17986412                   /usr/lib64/libpthread.so.0
7f56e2be2000-7f56e2be3000 r--p 00002000 fd:00 17986412                   /usr/lib64/libpthread.so.0
7f56e2be3000-7f56e2be4000 rw-p 00003000 fd:00 17986412                   /usr/lib64/libpthread.so.0
7f56e2be4000-7f56e2be5000 r--p 00000000 fd:00 17986405                   /usr/lib64/libdl.so.2
7f56e2be5000-7f56e2be6000 r-xp 00001000 fd:00 17986405                   /usr/lib64/libdl.so.2
7f56e2be6000-7f56e2be7000 r--p 00002000 fd:00 17986405                   /usr/lib64/libdl.so.2
7f56e2be7000-7f56e2be8000 r--p 00002000 fd:00 17986405                   /usr/lib64/libdl.so.2
7f56e2be8000-7f56e2be9000 rw-p 00003000 fd:00 17986405                   /usr/lib64/libdl.so.2
7f56e2be9000-7f56e2bec000 r--p 00000000 fd:03 8101427970                 /home/paifb01/miniconda3/envs/nf-core/lib/libz.so.1.3.1
7f56e2bec000-7f56e2bfb000 r-xp 00003000 fd:03 8101427970                 /home/paifb01/miniconda3/envs/nf-core/lib/libz.so.1.3.1
7f56e2bfb000-7f56e2c02000 r--p 00012000 fd:03 8101427970                 /home/paifb01/miniconda3/envs/nf-core/lib/libz.so.1.3.1
7f56e2c02000-7f56e2c03000 r--p 00018000 fd:03 8101427970                 /home/paifb01/miniconda3/envs/nf-core/lib/libz.so.1.3.1
7f56e2c03000-7f56e2c04000 rw-p 00019000 fd:03 8101427970                 /home/paifb01/miniconda3/envs/nf-core/lib/libz.so.1.3.1
7f56e2c07000-7f56e2c08000 ---p 00000000 00:00 0 
7f56e2c08000-7f56e2c09000 r--p 00000000 00:00 0 
7f56e2c09000-7f56e2c0b000 r--p 00000000 fd:03 13731159258                /home/paifb01/miniconda3/envs/nf-core/lib/jvm/lib/libjimage.so
7f56e2c0b000-7f56e2c0d000 r-xp 00002000 fd:03 13731159258                /home/paifb01/miniconda3/envs/nf-core/lib/jvm/lib/libjimage.so
7f56e2c0d000-7f56e2c0e000 r--p 00004000 fd:03 13731159258                /home/paifb01/miniconda3/envs/nf-core/lib/jvm/lib/libjimage.so
7f56e2c0e000-7f56e2c0f000 r--p 00005000 fd:03 13731159258                /home/paifb01/miniconda3/envs/nf-core/lib/jvm/lib/libjimage.so
7f56e2c0f000-7f56e2c10000 rw-p 00006000 fd:03 13731159258                /home/paifb01/miniconda3/envs/nf-core/lib/jvm/lib/libjimage.so
7f56e2c10000-7f56e2c13000 r--p 00000000 fd:03 13731159390                /home/paifb01/miniconda3/envs/nf-core/lib/jvm/lib/libjli.so
7f56e2c13000-7f56e2c1c000 r-xp 00003000 fd:03 13731159390                /home/paifb01/miniconda3/envs/nf-core/lib/jvm/lib/libjli.so
7f56e2c1c000-7f56e2c1f000 r--p 0000c000 fd:03 13731159390                /home/paifb01/miniconda3/envs/nf-core/lib/jvm/lib/libjli.so
7f56e2c1f000-7f56e2c20000 r--p 0000e000 fd:03 13731159390                /home/paifb01/miniconda3/envs/nf-core/lib/jvm/lib/libjli.so
7f56e2c20000-7f56e2c21000 rw-p 0000f000 fd:03 13731159390                /home/paifb01/miniconda3/envs/nf-core/lib/jvm/lib/libjli.so
7f56e2c21000-7f56e2c23000 rw-p 00000000 00:00 0 
7f56e2c23000-7f56e2c25000 r--p 00000000 fd:00 16779584                   /usr/lib64/ld-linux-x86-64.so.2
7f56e2c25000-7f56e2c4b000 r-xp 00002000 fd:00 16779584                   /usr/lib64/ld-linux-x86-64.so.2
7f56e2c4b000-7f56e2c56000 r--p 00028000 fd:00 16779584                   /usr/lib64/ld-linux-x86-64.so.2
7f56e2c56000-7f56e2c57000 ---p 00000000 00:00 0 
7f56e2c57000-7f56e2c59000 r--p 00033000 fd:00 16779584                   /usr/lib64/ld-linux-x86-64.so.2
7f56e2c59000-7f56e2c5b000 rw-p 00035000 fd:00 16779584                   /usr/lib64/ld-linux-x86-64.so.2
7ffeedc36000-7ffeedc58000 rw-p 00000000 00:00 0                          [stack]
7ffeedcfd000-7ffeedd01000 r--p 00000000 00:00 0                          [vvar]
7ffeedd01000-7ffeedd03000 r-xp 00000000 00:00 0                          [vdso]
ffffffffff600000-ffffffffff601000 --xp 00000000 00:00 0                  [vsyscall]


VM Arguments:
jvm_args: --add-opens=java.base/java.lang=ALL-UNNAMED --add-opens=java.base/java.io=ALL-UNNAMED --add-opens=java.base/java.nio=ALL-UNNAMED --add-opens=java.base/java.net=ALL-UNNAMED --add-opens=java.base/java.util=ALL-UNNAMED --add-opens=java.base/java.util.concurrent.locks=ALL-UNNAMED --add-opens=java.base/java.util.concurrent.atomic=ALL-UNNAMED --add-opens=java.base/java.nio.file.spi=ALL-UNNAMED --add-opens=java.base/sun.nio.ch=ALL-UNNAMED --add-opens=java.base/sun.nio.fs=ALL-UNNAMED --add-opens=java.base/sun.net.www.protocol.http=ALL-UNNAMED --add-opens=java.base/sun.net.www.protocol.https=ALL-UNNAMED --add-opens=java.base/sun.net.www.protocol.ftp=ALL-UNNAMED --add-opens=java.base/sun.net.www.protocol.file=ALL-UNNAMED --add-opens=java.base/jdk.internal.misc=ALL-UNNAMED --add-opens=java.base/jdk.internal.vm=ALL-UNNAMED --add-opens=java.base/java.util.regex=ALL-UNNAMED -Dfile.encoding=UTF-8 -Dcapsule.trampoline -Dcapsule.java.cmd=/home-link/paifb01/miniconda3/envs/nf-core/lib/jvm/bin/java -Dcom.sun.security.enableAIAcaIssuers=true -Djava.awt.headless=true -XX:+TieredCompilation -XX:TieredStopAtLevel=1 
java_command: /home-link/paifb01/miniconda3/envs/nf-core/share/nextflow/dist/24.10.0/nextflow-24.10.0-one.jar config -flat tests/config
java_class_path (initial): /home-link/paifb01/miniconda3/envs/nf-core/share/nextflow/dist/24.10.0/nextflow-24.10.0-one.jar
Launcher Type: SUN_STANDARD

[Global flags]
     intx CICompilerCount                          = 18                                        {product} {ergonomic}
     uint ConcGCThreads                            = 11                                        {product} {ergonomic}
     uint G1ConcRefinementThreads                  = 43                                        {product} {ergonomic}
   size_t G1HeapRegionSize                         = 16777216                                  {product} {ergonomic}
    uintx GCDrainStackTargetSize                   = 64                                        {product} {ergonomic}
   size_t InitialHeapSize                          = 2113929216                                {product} {ergonomic}
   size_t MarkStackSize                            = 4194304                                   {product} {ergonomic}
   size_t MaxHeapSize                              = 32178700288                               {product} {ergonomic}
   size_t MaxNewSize                               = 19293798400                               {product} {ergonomic}
   size_t MinHeapDeltaBytes                        = 16777216                                  {product} {ergonomic}
   size_t MinHeapSize                              = 16777216                                  {product} {ergonomic}
    uintx NonProfiledCodeHeapSize                  = 0                                      {pd product} {ergonomic}
     bool ProfileInterpreter                       = false                                  {pd product} {command line}
    uintx ProfiledCodeHeapSize                     = 0                                      {pd product} {ergonomic}
   size_t SoftMaxHeapSize                          = 32178700288                            {manageable} {ergonomic}
     bool TieredCompilation                        = true                                   {pd product} {command line}
     intx TieredStopAtLevel                        = 1                                         {product} {command line}
     bool UseCompressedClassPointers               = true                           {product lp64_product} {ergonomic}
     bool UseCompressedOops                        = true                           {product lp64_product} {ergonomic}
     bool UseG1GC                                  = true                                      {product} {ergonomic}

Logging:
Log output configuration:
 #0: stdout all=warning uptime,level,tags
 #1: stderr all=off uptime,level,tags

Environment Variables:
JAVA_HOME=/home-link/paifb01/miniconda3/envs/nf-core/lib/jvm
PATH=/home/paifb01/.vscode-server/cli/servers/Stable-384ff7382de624fb94dbaf6da11977bba1ecd427/server/bin/remote-cli:/home-link/paifb01/miniconda3/envs/nf-core/bin:/home-link/paifb01/miniconda3/condabin:/home-link/paifb01/.local/bin:/home-link/paifb01/bin:/usr/local/bin:/usr/bin:/usr/local/sbin:/usr/sbin
SHELL=/bin/bash
LANG=en_US.UTF-8
TERM=xterm-256color

Active Locale:
LC_ALL=en_US.UTF-8
LC_COLLATE=en_US.UTF-8
LC_CTYPE=en_US.UTF-8
LC_MESSAGES=en_US.UTF-8
LC_MONETARY=en_US.UTF-8
LC_NUMERIC=en_US.UTF-8
LC_TIME=en_US.UTF-8

Signal Handlers:
   SIGSEGV: crash_handler in libjvm.so, mask=11100100010111111101111111111110, flags=SA_RESTART|SA_SIGINFO, unblocked
    SIGBUS: crash_handler in libjvm.so, mask=11100100010111111101111111111110, flags=SA_RESTART|SA_SIGINFO, unblocked
    SIGFPE: crash_handler in libjvm.so, mask=11100100010111111101111111111110, flags=SA_RESTART|SA_SIGINFO, unblocked
   SIGPIPE: javaSignalHandler in libjvm.so, mask=11100100010111111101111111111110, flags=SA_RESTART|SA_SIGINFO, blocked
   SIGXFSZ: javaSignalHandler in libjvm.so, mask=11100100010111111101111111111110, flags=SA_RESTART|SA_SIGINFO, blocked
    SIGILL: crash_handler in libjvm.so, mask=11100100010111111101111111111110, flags=SA_RESTART|SA_SIGINFO, unblocked
   SIGUSR2: SR_handler in libjvm.so, mask=00000000000000000000000000000000, flags=SA_RESTART|SA_SIGINFO, blocked
    SIGHUP: UserHandler in libjvm.so, mask=11100100010111111101111111111110, flags=SA_RESTART|SA_SIGINFO, blocked
    SIGINT: UserHandler in libjvm.so, mask=11100100010111111101111111111110, flags=SA_RESTART|SA_SIGINFO, blocked
   SIGTERM: UserHandler in libjvm.so, mask=11100100010111111101111111111110, flags=SA_RESTART|SA_SIGINFO, blocked
   SIGQUIT: UserHandler in libjvm.so, mask=11100100010111111101111111111110, flags=SA_RESTART|SA_SIGINFO, blocked
   SIGTRAP: crash_handler in libjvm.so, mask=11100100010111111101111111111110, flags=SA_RESTART|SA_SIGINFO, unblocked


Periodic native trim disabled


---------------  S Y S T E M  ---------------

OS:
Rocky Linux release 9.4 (Blue Onyx)
uname: Linux 5.14.0-427.37.1.el9_4.x86_64 #1 SMP PREEMPT_DYNAMIC Wed Sep 25 11:51:41 UTC 2024 x86_64
OS uptime: 15 days 6:21 hours
libc: glibc 2.34 NPTL 2.34 
rlimit (soft/hard): STACK 8192k/infinity , CORE 0k/infinity , NPROC 512746/512746 , NOFILE 524288/524288 , AS infinity/infinity , CPU infinity/infinity , DATA infinity/infinity , FSIZE infinity/infinity , MEMLOCK 8192k/8192k
load average: 1.09 0.38 0.14

/proc/meminfo:
MemTotal:       131325552 kB
MemFree:        52583328 kB
MemAvailable:   88778952 kB
Buffers:            7516 kB
Cached:         33358440 kB
SwapCached:            0 kB
Active:         36014692 kB
Inactive:       31163136 kB
Active(anon):   33839260 kB
Inactive(anon):     2104 kB
Active(file):    2175432 kB
Inactive(file): 31161032 kB
Unevictable:          48 kB
Mlocked:              48 kB
SwapTotal:       8388604 kB
SwapFree:        8388604 kB
Zswap:                 0 kB
Zswapped:              0 kB
Dirty:              1848 kB
Writeback:             0 kB
AnonPages:      33793032 kB
Mapped:           531860 kB
Shmem:             29504 kB
KReclaimable:    3919436 kB
Slab:            5066200 kB
SReclaimable:    3919436 kB
SUnreclaim:      1146764 kB
KernelStack:       36864 kB
PageTables:        98568 kB
SecPageTables:         0 kB
NFS_Unstable:          0 kB
Bounce:                0 kB
WritebackTmp:          0 kB
CommitLimit:    74051380 kB
Committed_AS:   54213952 kB
VmallocTotal:   34359738367 kB
VmallocUsed:      282628 kB
VmallocChunk:          0 kB
Percpu:           128000 kB
HardwareCorrupted:     0 kB
AnonHugePages:  26286080 kB
ShmemHugePages:        0 kB
ShmemPmdMapped:        0 kB
FileHugePages:         0 kB
FilePmdMapped:         0 kB
CmaTotal:              0 kB
CmaFree:               0 kB
Unaccepted:            0 kB
HugePages_Total:       0
HugePages_Free:        0
HugePages_Rsvd:        0
HugePages_Surp:        0
Hugepagesize:       2048 kB
Hugetlb:               0 kB
DirectMap4k:     3109772 kB
DirectMap2M:    77506560 kB
DirectMap1G:    53477376 kB

/sys/kernel/mm/transparent_hugepage/enabled: [always] madvise never
/sys/kernel/mm/transparent_hugepage/hpage_pmd_size: 2097152
/sys/kernel/mm/transparent_hugepage/defrag (defrag/compaction efforts parameter): always defer defer+madvise [madvise] never

Process Memory:
Virtual Size: 38741440K (peak: 38803588K)
Resident Set Size: 221568K (peak: 221568K) (anon: 200576K, file: 20992K, shmem: 0K)
Swapped out: 0K
C-Heap outstanding allocations: 114025K, retained: 7802K
glibc malloc tunables: (default)

/proc/sys/kernel/threads-max (system-wide limit on the number of threads): 1025492
/proc/sys/vm/max_map_count (maximum number of memory map areas a process may have): 65530
/proc/sys/vm/swappiness (control to define how aggressively the kernel swaps out anonymous memory): 60
/proc/sys/kernel/pid_max (system-wide limit on number of process identifiers): 4194304

container (cgroup) information:
container_type: cgroupv2
cpu_cpuset_cpus: not supported
cpu_memory_nodes: not supported
active_processor_count: 64
cpu_quota: not supported
cpu_period: not supported
cpu_shares: not supported
memory_limit_in_bytes: unlimited
memory_and_swap_limit_in_bytes: unlimited
memory_soft_limit_in_bytes: unlimited
memory_usage_in_bytes: 630344 k
memory_max_usage_in_bytes: not supported
memory_swap_current_in_bytes: unlimited
memory_swap_max_limit_in_bytes: unlimited
maximum number of tasks: unlimited
current number of tasks: 224

Steal ticks since vm start: 0
Steal ticks percentage since vm start:  0.000

CPU: total 64 (initial active 64) (64 cores per cpu, 2 threads per core) family 23 model 8 stepping 2 microcode 0x800820d, cx8, cmov, fxsr, ht, mmx, 3dnowpref, sse, sse2, sse3, ssse3, sse4a, sse4.1, sse4.2, popcnt, lzcnt, tsc, tscinvbit, avx, avx2, aes, clmul, bmi1, bmi2, adx, sha, fma, vzeroupper, clflush, clflushopt
CPU Model and flags from /proc/cpuinfo:
model name	: AMD Ryzen Threadripper 2990WX 32-Core Processor
flags		: fpu vme de pse tsc msr pae mce cx8 apic sep mtrr pge mca cmov pat pse36 clflush mmx fxsr sse sse2 ht syscall nx mmxext fxsr_opt pdpe1gb rdtscp lm constant_tsc rep_good nopl nonstop_tsc cpuid extd_apicid amd_dcm aperfmperf rapl pni pclmulqdq monitor ssse3 fma cx16 sse4_1 sse4_2 movbe popcnt aes xsave avx f16c rdrand lahf_lm cmp_legacy svm extapic cr8_legacy abm sse4a misalignsse 3dnowprefetch osvw skinit wdt tce topoext perfctr_core perfctr_nb bpext perfctr_llc mwaitx cpb hw_pstate ssbd ibpb vmmcall fsgsbase bmi1 avx2 smep bmi2 rdseed adx smap clflushopt sha_ni xsaveopt xsavec xgetbv1 xsaves clzero irperf xsaveerptr arat npt lbrv svm_lock nrip_save tsc_scale vmcb_clean flushbyasid decodeassists pausefilter pfthreshold avic v_vmsave_vmload vgif overflow_recov succor smca sev sev_es

Online cpus: 0-63
Offline cpus: 64-127
BIOS frequency limitation: 3000000
Frequency switch latency (ns): 0
Available cpu frequencies: 3000000 2800000 2200000 
Current governor: performance
Core performance/turbo boost: 1

Memory: 4k page, physical 131325552k(52583328k free), swap 8388604k(8388604k free)
Page Sizes: 4k

vm_info: OpenJDK 64-Bit Server VM (17.0.13-internal+0-adhoc..src) for linux-amd64 JRE (17.0.13-internal+0-adhoc..src), built on Oct 21 2024 01:55:01 by "" with gcc 13.3.0

END.
